2020-10-22 19:18:20.719632 ======== Start The Web Scrapping =========
Url principal -> https://ca.wikiloc.com/rutes/outdoor/andorra
URL -> https://ca.wikiloc.com/rutes-senderisme/141021-andorra-fonts-i-bosc-del-campea-8077774
URL -> https://ca.wikiloc.com/rutes-alpinisme/180830-100-cims-andorra-no-205-pic-de-tristaina-circ-i-estanys-des-de-la-estacio-de-ordino-arcalis-28162005
URL -> https://ca.wikiloc.com/rutes-senderisme/120706-andorra-cami-interparroquial-c-i-tomb-de-les-neres-3042560
URL -> https://ca.wikiloc.com/rutes-a-peu/141018-andorra-ruta-del-ferro-la-cortinada-llorts-la-cortinada-8054593
URL -> https://ca.wikiloc.com/rutes-senderisme/coll-dordino-tomb-per-les-neres-13980902
URL -> https://ca.wikiloc.com/rutes-alpinisme/130928-100-cims-100-andorra-casamanya-nord-2752-m-el-meu-100-cims-no-100-5334706
URL -> https://ca.wikiloc.com/rutes-alpinisme/170722-100-cims-andorra-no-192-pic-de-la-serrera-des-dels-plans-de-ransol-18773078
URL -> https://ca.wikiloc.com/rutes-senderisme/la-vall-de-madriu-estany-de-lilla-escaldes-engordany-andorra-170916-14778973
URL -> https://ca.wikiloc.com/rutes-a-peu/160625-andorra-cami-ral-dordino-ruta-del-ferro-la-cortinada-mines-de-llorts-13809014
URL -> https://ca.wikiloc.com/rutes-senderisme/pic-dels-pessons-o-del-gargantillar-des-de-grau-roig-7862589
URL -> https://ca.wikiloc.com/rutes-4x4/ruta-dels-contrabandistes-28910875
URL -> https://ca.wikiloc.com/rutes-senderisme/141020-andorra-ruta-del-gall-soldeu-canillo-8076586
URL -> https://ca.wikiloc.com/rutes-alpinisme/160727-2x100-cims-andorra-pic-negre-denvalira-no-169-i-montmalus-no-170-des-de-grau-roig-14170224
URL -> https://ca.wikiloc.com/rutes-cursa-de-muntanya/120707-andorra-vallnord-trail-2012-35km-100-cims-comapedrosa-2948m-clot-del-cavall-2586m-3052856
URL -> https://ca.wikiloc.com/rutes-senderisme/estanys-de-tristania-andorra-10792888
URL -> https://ca.wikiloc.com/rutes-senderisme/150619-madriu-collada-maiana-perafita-10956864
URL -> https://ca.wikiloc.com/rutes-senderisme/ruta-rec-del-sola-andorra-la-vella-080915-10748617
URL -> https://ca.wikiloc.com/rutes-senderisme/estanys-del-circ-dels-pessons-grau-roig-andorra-52972743
URL -> https://ca.wikiloc.com/rutes-alpinisme/alt-de-coma-pedrosa-i-pic-de-baiau-per-lobaga-estany-negre-cresta-s-collada-dels-malhiverns-i-refug-11221421
URL -> https://ca.wikiloc.com/rutes-alpinisme/120705-andorra-canillo-vall-dincles-anada-i-tornada-a-lestany-i-refugi-de-la-cabana-sorda-3038845
URL -> https://ca.wikiloc.com/rutes-senderisme/160917-andorra-cami-gr11-i-llac-dengolasters-cami-pardines-cami-de-la-plana-des-dencamp-14790260
URL -> https://ca.wikiloc.com/rutes-senderisme/pic-de-besali-i-pic-de-font-blanca-per-besali-i-vall-de-rialb-des-de-sorteny-pirineu-andorra-10184123
URL -> https://ca.wikiloc.com/rutes-senderisme/150702-montmalus-illa-pessons-11009131
URL -> https://ca.wikiloc.com/rutes-alpinisme/andorra-ordino-arcalis-cim-del-tristaina-pel-port-de-larbella-27972924
URL -> https://ca.wikiloc.com/rutes-senderisme/vall-dincle-pont-de-la-baladosa-estanys-de-juclar-estanys-de-fortangenta-port-dincles-14379157
URL -> https://ca.wikiloc.com/rutes-senderisme/canillo-refugi-i-estanys-vall-de-riu-vall-de-montaup-28935736
URL -> https://ca.wikiloc.com/rutes-alpinisme/180808-100-cims-andorra-no-202-alt-del-griu-27400949
URL -> https://ca.wikiloc.com/rutes-senderisme/vall-dincles-pont-de-la-baladosa-estanys-de-juclar-estany-negre-de-juclar-estanys-de-fontargent-14160101
URL -> https://ca.wikiloc.com/rutes-alpinisme/180828-100-cims-andorra-no-203-pic-descobes-i-pic-de-noe-des-del-pont-de-la-baladosa-28095694
URL -> https://ca.wikiloc.com/rutes-alpinisme/alt-del-griu-i-pics-densagents-i-llops-per-pedrusques-crestes-demportona-i-gargantillar-canal-gran-10890080
URL -> https://ca.wikiloc.com/rutes-senderisme/pic-de-la-serrera-per-la-vall-de-ransol-7718771
URL -> https://ca.wikiloc.com/rutes-senderisme/110817-andorra-tomb-curt-pels-estanys-de-tristaina-el-primer-el-del-mig-i-el-de-mes-amunt-1958622
URL -> https://ca.wikiloc.com/rutes-alpinisme/160624-andorra-100-cims-no-162-tosa-de-braibal-des-de-engolasters-estany-blau-agols-gr-11-vall-madr-13808188
URL -> https://ca.wikiloc.com/rutes-senderisme/150629-tossa-de-bruibal-i-estany-blau-11012919
URL -> https://ca.wikiloc.com/rutes-senderisme/casamanya-sud-i-nord-des-del-coll-dordino-7739705
URL -> https://ca.wikiloc.com/rutes-alpinisme/carenes-de-seturia-alt-de-la-capa-pic-de-port-negre-roc-rodo-i-cap-de-les-borregues-pel-port-de-cab-14589215
URL -> https://ca.wikiloc.com/rutes-senderisme/estanys-del-circ-dels-pessons-grau-roig-andorra-14852539
URL -> https://ca.wikiloc.com/rutes-senderisme/141019-100-cims-no-129-alt-urgell-andorra-pic-denclar-o-bony-de-la-pica-i-bony-de-carroi-8054979
URL -> https://ca.wikiloc.com/rutes-alpinisme/170723-100-cims-andorra-no-193-pic-de-cataperdis-des-darcalis-18794032
URL -> https://ca.wikiloc.com/rutes-senderisme/andorra-estanys-i-collada-de-pessons-10512999
URL -> https://ca.wikiloc.com/rutes-senderisme/120704-andorra-encamp-engolasters-pel-gr-11-tornada-pel-cami-de-les-pardines-i-pel-boixader-3037305
URL -> https://ca.wikiloc.com/rutes-alpinisme/pics-de-perafita-monturull-negre-durgell-i-de-claror-3-per-vall-de-perafita-creu-de-la-comella-i-ca-56317013
URL -> https://ca.wikiloc.com/rutes-senderisme/andorra-vall-dincles-i-estanys-del-siscaro-des-de-la-baladosa-18266272
URL -> https://ca.wikiloc.com/rutes-a-peu/120907-andorra-encamp-la-pleta-del-guitard-per-les-pardines-i-les-bordes-de-molina-3314700
URL -> https://ca.wikiloc.com/rutes-bicicleta-de-carretera/coll-dordino-1-987-m-andorra-la-vella-070915-10725646
URL -> https://ca.wikiloc.com/rutes-senderisme/andorra-casamanya-nord-2-753-m-per-montaup-100-cims-18846564
URL -> https://ca.wikiloc.com/rutes-senderisme/pic-de-medacorba-comapedrosa-20501015
URL -> https://ca.wikiloc.com/rutes-senderisme/pic-de-la-coma-de-varilles-22436437
URL -> https://ca.wikiloc.com/rutes-senderisme/ruta-circular-desde-el-parquing-llacs-de-tristaina-fins-el-pic-tristaina-baixant-per-crestes-fins-a-51996384
URL -> https://ca.wikiloc.com/rutes-senderisme/llac-de-juclar-35475202
URL -> https://ca.wikiloc.com/rutes-alpinisme/cim-de-comapedrosa-andorra-27455385
URL -> https://ca.wikiloc.com/rutes-esqui-de-muntanya/ransol-serrera-sorteny-16481910
URL -> https://ca.wikiloc.com/rutes-senderisme/160728-andorra-aproximacio-al-100-cims-alt-de-juclar-des-del-pont-de-baladosa-vall-dincles-14172524
URL -> https://ca.wikiloc.com/rutes-alpinisme/120908-andorra-tomb-al-circ-dels-pessons-pels-estanys-de-la-solana-i-tornada-classica-pel-gr-7-3317891
URL -> https://ca.wikiloc.com/rutes-alpinisme/pics-danrodat-i-fontargent-i-tossa-de-les-mussoles-per-estanys-de-cabana-sorda-anrodat-i-isla-riu-m-41981055
URL -> https://ca.wikiloc.com/rutes-senderisme/estanys-del-circ-dels-pessons-grau-roig-andorra-13794393
URL -> https://ca.wikiloc.com/rutes-senderisme/andorra-port-de-siguer-estany-blau-26811925
URL -> https://ca.wikiloc.com/rutes-senderisme/vall-dincles-cami-de-lobac-dincles-canillo-andorra-19191859
URL -> https://ca.wikiloc.com/rutes-alpinisme/pics-de-font-negra-els-3-fontfreda-2-de-lesquella-de-les-valletes-del-port-i-de-la-vinyola-des-del-28284390
URL -> https://ca.wikiloc.com/rutes-alpinisme/bony-de-la-pica-pic-denclar-i-pic-de-carroi-per-la-serra-denclar-i-la-collada-de-montaner-des-dels-14411333
URL -> https://ca.wikiloc.com/rutes-senderisme/coronallacs-2019-41166952
URL -> https://ca.wikiloc.com/rutes-alpinisme/bony-de-la-pica-per-la-ferrada-de-st-vicenc-denclar-la-vertical-del-barranc-denclar-i-aixas-des-de-38457217
URL -> https://ca.wikiloc.com/rutes-alpinisme/tossa-del-braibal-cap-dels-agols-turo-de-lestany-blau-i-pic-del-pla-de-lingla-per-la-carena-i-torna-26265725
URL -> https://ca.wikiloc.com/rutes-senderisme/016-casamanya-nord-des-del-coll-dordino-100-cims-feec-4921071
URL -> https://ca.wikiloc.com/rutes-cursa-de-muntanya/andorra-cami-de-lobac-de-la-vall-dincles-20053311
URL -> https://ca.wikiloc.com/rutes-senderisme/150811-circ-de-perafita-des-dels-estanys-de-la-pera-21509719
URL -> https://ca.wikiloc.com/rutes-esqui-de-muntanya/pic-de-rulhe-per-la-vall-dincles-16768950
URL -> https://ca.wikiloc.com/rutes-alpinisme/130929-andorra-dels-cortals-dencamp-al-refugi-densagents-i-tornada-5346223
URL -> https://ca.wikiloc.com/rutes-alpinisme/circular-comapedrosa-7787647
URL -> https://ca.wikiloc.com/rutes-senderisme/comapedrosa-des-darinsal-pirineu-andorra-14856841
URL -> https://ca.wikiloc.com/rutes-senderisme/tossa-del-braibal-pic-de-les-agols-i-estany-blau-escaldes-dandorra-14621856
URL -> https://ca.wikiloc.com/rutes-alpinisme/comapedrosa-2-944-mts-amb-sortida-i-arribada-al-coll-de-la-botella-10731031
URL -> https://ca.wikiloc.com/rutes-via-ferrada/via-ferrada-roc-desquers-escaldes-engordany-andorra-38090278
URL -> https://ca.wikiloc.com/rutes-senderisme/volta-circular-a-la-vall-del-madriu-perafita-claror-andorra-19429539
URL -> https://ca.wikiloc.com/rutes-senderisme/llacs-densagents-alt-del-griu-29688530
URL -> https://ca.wikiloc.com/rutes-senderisme/andorra-soldeu-obaga-dincles-estanys-del-siscaro-pas-de-les-vaques-soldeu-28792567
URL -> https://ca.wikiloc.com/rutes-senderisme/pic-de-medacorba-i-alt-de-comapedrosa-arinsal-andorra-27796499
URL -> https://ca.wikiloc.com/rutes-senderisme/150616-estany-de-la-nou-claror-i-perafita-10968844
URL -> https://ca.wikiloc.com/rutes-senderisme/alt-del-griu-4-7-19-38317900
URL -> https://ca.wikiloc.com/rutes-alpinisme/180807-100-cims-andorra-no-201-roc-meler-27380546
URL -> https://ca.wikiloc.com/rutes-a-peu/circ-i-estanys-dels-pessons-grau-roig-andorra-7585705
URL -> https://ca.wikiloc.com/rutes-alpinisme/120909-andorra-vall-dincles-estanys-de-juclar-tornada-pel-grp-i-cami-port-dincles-3324157
URL -> https://ca.wikiloc.com/rutes-senderisme/100-cims-comapedrosa-2-946-m-27729534
URL -> https://ca.wikiloc.com/rutes-senderisme/andorra-estanys-de-tristaina-10494861
URL -> https://ca.wikiloc.com/rutes-esqui-de-muntanya/pic-de-montmalus-i-pic-blanc-des-de-grau-roig-06-12-2017-21403002
URL -> https://ca.wikiloc.com/rutes-raquetes-de-neu/120325-sorteny-estany-de-lestanyo-21160695
URL -> https://ca.wikiloc.com/rutes-alpinisme/pic-de-tristaina-15170985
URL -> https://ca.wikiloc.com/rutes-senderisme/volta-a-andorra-amb-5-etapes-7488575
URL -> https://ca.wikiloc.com/rutes-a-peu/120708-andorra-ultra-trail-vallnord-solidaritrail-2012-10-50-km-3053212
URL -> https://ca.wikiloc.com/rutes-a-peu/volta-al-llac-dengolasters-andorra-19999557
URL -> https://ca.wikiloc.com/rutes-raquetes-de-neu/fontpedros-2239m-des-de-naturlandia-la-rabassa-andorra-23493345
URL -> https://ca.wikiloc.com/rutes-senderisme/pic-de-font-blanca-andorra-sorteny-refugi-de-rialb-portella-de-rialb-pic-de-font-blanca-besali-sort-11017053
URL -> https://ca.wikiloc.com/rutes-senderisme/pic-de-tristaina-ordino-arcalis-13996031
URL -> https://ca.wikiloc.com/rutes-senderisme/estanys-de-fontargent-i-jucla-54126115
URL -> https://ca.wikiloc.com/rutes-alpinisme/092-pic-de-font-blanca-i-pic-de-besali-ordino-andorra-100-cims-feec-19273116
URL -> https://ca.wikiloc.com/rutes-senderisme/andorra-tossa-de-braibal-cap-dagols-estany-forcat-estany-de-la-bova-riu-madriu-cami-de-la-solana-de-14062919
URL -> https://ca.wikiloc.com/rutes-esqui-de-muntanya/volta-al-montmalus-des-de-grau-roig-25283580
URL -> https://ca.wikiloc.com/rutes-senderisme/circ-de-tristaina-i-pic-de-tristaina-des-de-laparcament-de-la-coma-darcalis-14552586
URL -> https://ca.wikiloc.com/rutes-senderisme/circ-dels-pessons-14512405
URL -> https://ca.wikiloc.com/rutes-alpinisme/casamanya-n-garmin-connect-28-09-13-5828757
URL -> https://ca.wikiloc.com/rutes-4x4/del-pic-negre-dandorra-2642-m-a-la-n-260-en-el-pont-de-bar-cami-curt-de-retorn-a-la-cerdanya-andorr-39009917
URL -> https://ca.wikiloc.com/rutes-senderisme/vall-dincles-10227034
URL -> https://ca.wikiloc.com/rutes-senderisme/andorra-la-vella-rec-del-sola-58018841
URL -> https://ca.wikiloc.com/rutes-senderisme/circular-llacs-de-tristaina-26510266
URL -> https://ca.wikiloc.com/rutes-a-peu/110818-andorra-ruta-del-ferro-cami-ral-de-les-mines-de-llorts-a-la-cortinada-1958720
URL -> https://ca.wikiloc.com/rutes-senderisme/145-bony-de-la-pica-o-pica-dos-per-sispony-andorra-100-cims-feec-19782145
URL -> https://ca.wikiloc.com/rutes-alpinisme/pic-de-les-planes-2779-m-i-de-les-fangasses-2683-m-and-48246227
URL -> https://ca.wikiloc.com/rutes-senderisme/coronallacs-3-etapa-refugi-de-juclar-refugi-de-sorteny-06-ago-19-41107430
URL -> https://ca.wikiloc.com/rutes-senderisme/travessa-de-la-serrera-coma-de-ransol-sorteny-5725347
URL -> https://ca.wikiloc.com/rutes-senderisme/cami-del-gall-itinerari-de-natura-canillo-a-soldeu-andorra-39022801
URL -> https://ca.wikiloc.com/rutes-senderisme/andorra-ruta-del-ferro-dordino-39601793
URL -> https://ca.wikiloc.com/rutes-senderisme/andorra-fonts-del-campea-13964200
URL -> https://ca.wikiloc.com/rutes-alpinisme/vall-dincles-andorra-i-pic-de-la-coma-de-varilles-2759m-8041835
URL -> https://ca.wikiloc.com/rutes-senderisme/estany-dengolasters-vall-del-madriu-13969644
URL -> https://ca.wikiloc.com/rutes-esqui-de-muntanya/pic-de-pessons-estany-de-l-illa-montmalus-circular-44821533
URL -> https://ca.wikiloc.com/rutes-alpinisme/pic-descobes-i-pic-de-noe-pels-estanys-de-juclar-des-del-pont-de-la-baladosa-pirineu-andorra-11206516
URL -> https://ca.wikiloc.com/rutes-alpinisme/pic-de-lestanyo-i-pics-de-casamanya-pel-coll-darenes-des-de-montaup-pirineu-andorra-5375839
URL -> https://ca.wikiloc.com/rutes-senderisme/cami-de-lossa-encamp-andorra-4963624
URL -> https://ca.wikiloc.com/rutes-senderisme/grau-roig-estanys-i-pic-dels-pessons-pic-de-montmalus-4819835
URL -> https://ca.wikiloc.com/rutes-senderisme/andorra-del-santuari-de-meritxell-al-toll-bullidor-26096367
URL -> https://ca.wikiloc.com/rutes-senderisme/arinsal-percanela-pla-de-lestany-arinsal-arinsal-parroquia-de-la-massana-andorra-37894633
URL -> https://ca.wikiloc.com/rutes-senderisme/cataperdis-pels-estanys-de-langonella-des-de-llorts-pirineu-andorra-11396169
URL -> https://ca.wikiloc.com/rutes-senderisme/pirineu-grandvalira-estanys-del-circ-de-pessons-11239386
URL -> https://ca.wikiloc.com/rutes-via-ferrada/via-ferrata-roc-desquers-escaldes-engordany-andorra-39130784
URL -> https://ca.wikiloc.com/rutes-senderisme/diada-de-meritxell-080915-10748432
URL -> https://ca.wikiloc.com/rutes-senderisme/pic-de-lestanyo-per-la-vall-del-riu-andorra-19335350
URL -> https://ca.wikiloc.com/rutes-esqui-de-muntanya/ransol-pic-de-ransol-16881014
URL -> https://ca.wikiloc.com/rutes-senderisme/vall-de-madriu-cami-dels-matxos-coll-jovell-refugi-de-fontverd-ramio-itinerari-fontverd-14170523
URL -> https://ca.wikiloc.com/rutes-cursa-de-muntanya/estany-blau-per-tossal-del-braibal-refugi-de-fontverd-cami-ramio-coll-jovell-andorra-circular-18789380
URL -> https://ca.wikiloc.com/rutes-senderisme/grau-roig-estanys-i-pic-de-pessons-i-pic-montmalus-7074279
URL -> https://ca.wikiloc.com/rutes-senderisme/bony-de-la-pica-andorra-010910-1163647
URL -> https://ca.wikiloc.com/rutes-senderisme/andorra-pic-de-la-coma-de-varilles-2-759-m-20991674
URL -> https://ca.wikiloc.com/rutes-esqui-de-muntanya/pas-de-la-casa-pic-negre-denvalira-pic-denvalira-pas-de-la-casa-12746449
URL -> https://ca.wikiloc.com/rutes-alpinisme/pics-de-casamanya-sud-del-mig-i-nord-per-la-carena-i-la-vall-de-lensegur-desde-la-cortinada-7588689
URL -> https://ca.wikiloc.com/rutes-alpinisme/engolasters-refugi-de-fontverd-estany-blau-pic-dels-agols-2647m-i-tossa-del-braibal-2657m-18121810
URL -> https://ca.wikiloc.com/rutes-senderisme/volta-pel-cami-dels-pessons-19estanys-4972234
URL -> https://ca.wikiloc.com/rutes-btt/el-tomb-lauredia-en-btt-aubinya-aixirivall-certes-collet-de-costaseda-la-margineda-aixovall-st-juli-20094108
URL -> https://ca.wikiloc.com/rutes-senderisme/el-tarter-estanyo-del-querol-basses-de-les-salamandres-refugi-i-estany-cabana-sorda-roca-de-lhome-d-37718587
URL -> https://ca.wikiloc.com/rutes-senderisme/valls-de-madriu-i-perafita-15255723
URL -> https://ca.wikiloc.com/rutes-senderisme/estany-dengolasters-26597523
URL -> https://ca.wikiloc.com/rutes-alpinisme/209-roc-mele-o-pic-del-roc-meler-andorra-100-cims-feec-38289336
URL -> https://ca.wikiloc.com/rutes-senderisme/pic-de-casamanya-andorra-ibp-96hkg-5048137
URL -> https://ca.wikiloc.com/rutes-senderisme/estany-de-cabana-sorda-vall-dincles-canillo-andorra-28826354
URL -> https://ca.wikiloc.com/rutes-senderisme/volta-per-la-vall-del-madriu-des-de-la-font-de-la-closa-10970091
URL -> https://ca.wikiloc.com/rutes-senderisme/05-16-andorra-escaldes-h-panorama-fonts-de-lobac-bordes-entremesaigues-i-ramio-coll-jovell-engolast-13433019
URL -> https://ca.wikiloc.com/rutes-senderisme/pic-de-lestanyo-estany-de-lestanyo-vall-de-sorteny-andorra-19219468
URL -> https://ca.wikiloc.com/rutes-senderisme/encamp-coll-dordino-pic-de-casamanya-15531494
URL -> https://ca.wikiloc.com/rutes-senderisme/pic-negre-denvalira-i-pic-denvalira-pirineus-7319645
URL -> https://ca.wikiloc.com/rutes-alpinisme/arinsal-pics-de-roca-entravessada-2928m-medacorba-2905m-baiau-2866m-comapedrosa-2943m-i-refugi-de-b-26705126
URL -> https://ca.wikiloc.com/rutes-senderisme/estanys-de-pessons-grau-roig-andorra-18336113
URL -> https://ca.wikiloc.com/rutes-senderisme/1-x-cims-pic-comapedrosa-2-942-m-andorra-la-massana-club-excursionista-montblanc-52003596
URL -> https://ca.wikiloc.com/rutes-raquetes-de-neu/refugi-de-sorteny-andorra-17-02-13-4005693
URL -> https://ca.wikiloc.com/rutes-a-peu/la-vall-dincles-per-el-cami-de-lobac-dincles-fins-el-picnic-del-trabenc-i-tornada-per-les-bordes-14553065
URL -> https://ca.wikiloc.com/rutes-a-peu/110818-andorra-ruta-del-ferro-cami-ral-de-la-cortinada-a-les-mines-de-llorts-1958719
URL -> https://ca.wikiloc.com/rutes-a-peu/andorra-volta-a-lestany-dengolasters-24886761
URL -> https://ca.wikiloc.com/rutes-senderisme/vall-dincles-andorra-circular-estany-de-fontargenta-i-juclar-27460887
URL -> https://ca.wikiloc.com/rutes-raquetes-de-neu/pic-de-maia-ortafa-i-cap-del-port-andorra-amb-raquetes-12358766
URL -> https://ca.wikiloc.com/rutes-senderisme/estanys-de-la-vall-del-riu-14685412
URL -> https://ca.wikiloc.com/rutes-senderisme/arinsal-refugi-del-comapedrosa-estany-de-les-truites-13971884
URL -> https://ca.wikiloc.com/rutes-raquetes-de-neu/pic-de-thoumasset-aparcament-de-sorteny-vall-de-rialb-refugi-de-rialb-port-de-siguer-estany-blau-pi-22078536
URL -> https://ca.wikiloc.com/rutes-a-peu/andorra-cami-del-gall-fer-de-canillo-a-soldeu-18846370
URL -> https://ca.wikiloc.com/rutes-senderisme/andorra-vall-dincles-el-siscaro-14804150
URL -> https://ca.wikiloc.com/rutes-raquetes-de-neu/vall-dincles-cami-de-lobac-dincles-canillo-andorra-22072863
URL -> https://ca.wikiloc.com/rutes-senderisme/andorra-coll-dordino-serra-de-casamanya-pics-de-casamanya-56994153
URL -> https://ca.wikiloc.com/rutes-senderisme/circular-estanys-de-tristaina-18804312
URL -> https://ca.wikiloc.com/rutes-raquetes-de-neu/fontpedros-des-de-la-rabassa-4137602
URL -> https://ca.wikiloc.com/rutes-alpinisme/pic-de-thoumasset-pels-ports-de-banyell-i-siguer-des-de-sorteny-pirineu-andorra-i-occita-27116570
URL -> https://ca.wikiloc.com/rutes-senderisme/andorra-cami-de-lossa-engolasters-vall-del-madriu-circ-de-pessons-13891633
URL -> https://ca.wikiloc.com/rutes-cursa-de-muntanya/marato-dels-cims-2019-13192982
URL -> https://ca.wikiloc.com/rutes-senderisme/coll-de-la-botella-port-negre-port-de-cabus-seturia-11022047
URL -> https://ca.wikiloc.com/rutes-senderisme/andorra-pic-alt-del-cubil-2-883-m-18847121
URL -> https://ca.wikiloc.com/rutes-alpinisme/pic-de-tristaina-3364353
URL -> https://ca.wikiloc.com/rutes-senderisme/cami-de-les-pardines-llac-dengolasters-encamp-andorra-28885903
URL -> https://ca.wikiloc.com/rutes-alpinisme/volta-circular-al-comapedrosa-7789243
URL -> https://ca.wikiloc.com/rutes-raquetes-de-neu/vall-densagents-6466616
URL -> https://ca.wikiloc.com/rutes-btt/incles-pic-maia-estanys-siscaro-51587126
URL -> https://ca.wikiloc.com/rutes-senderisme/arinsal-pic-de-comapedrosa-pla-de-lestany-arinsal-2010160
URL -> https://ca.wikiloc.com/rutes-btt/dandorra-a-lleida-per-camins-i-carreteres-locals-4848089
URL -> https://ca.wikiloc.com/rutes-senderisme/pic-dels-colells-portella-dels-colells-pic-serra-seca-i-pic-engait-by-orrius-team-10481134
URL -> https://ca.wikiloc.com/rutes-senderisme/043-pic-de-la-serrera-per-la-vall-de-ransol-andorra-100-cims-feec-13340350
URL -> https://ca.wikiloc.com/rutes-senderisme/grau-roig-montmalus-illa-pessons-27615728
URL -> https://ca.wikiloc.com/rutes-senderisme/circular-als-estanys-de-fontargenta-i-juclar-des-de-la-vall-dincles-andorra-14635129
URL -> https://ca.wikiloc.com/rutes-alpinisme/094-comapedrosa-portella-de-baiau-coll-dels-estanys-forcats-pla-de-lestany-arinsal-100-cims-feec-14744933
URL -> https://ca.wikiloc.com/rutes-senderisme/cami-de-ransol-pic-de-la-serrera-5132539
URL -> https://ca.wikiloc.com/rutes-senderisme/estany-de-lestanyo-53413334
URL -> https://ca.wikiloc.com/rutes-senderisme/llacs-i-pic-de-tristaina-10730934
URL -> https://ca.wikiloc.com/rutes-senderisme/estany-blau-pel-coll-de-siguer-vall-de-rialb-sorteny-andorra-41721374
URL -> https://ca.wikiloc.com/rutes-raquetes-de-neu/refugi-de-juclar-per-la-vall-dincles-12691552
URL -> https://ca.wikiloc.com/rutes-esqui-de-muntanya/montmalus-16073367
URL -> https://ca.wikiloc.com/rutes-alpinisme/la-vall-dincles-siscaro-i-juclar-10893134
URL -> https://ca.wikiloc.com/rutes-senderisme/estanys-i-pic-de-tristaina-6519869
URL -> https://ca.wikiloc.com/rutes-senderisme/alt-del-griu-and-250810-1130921
URL -> https://ca.wikiloc.com/rutes-raquetes-de-neu/la-rabassa-roca-de-pimes-pic-negre-6305592
URL -> https://ca.wikiloc.com/rutes-alpinisme/pics-de-cataperdis-angonella-i-arcalis-per-la-cresta-desde-les-basses-de-port-de-rat-7456148
URL -> https://ca.wikiloc.com/rutes-alpinisme/cresta-integral-del-circ-de-tristaina-pics-de-cabanyo-creussans-de-lestany-forcat-i-tristaina-7428177
URL -> https://ca.wikiloc.com/rutes-senderisme/andorra-franca-pont-de-la-baladosa-estanys-de-jucla-estany-fontargent-13817023
URL -> https://ca.wikiloc.com/rutes-raquetes-de-neu/100-cims-tosa-de-braibal-17281983
URL -> https://ca.wikiloc.com/rutes-raquetes-de-neu/vall-incles-refugi-cabana-sorda-andorra-3800583
URL -> https://ca.wikiloc.com/rutes-senderisme/pels-voltants-de-sant-julia-de-loria-30588413
URL -> https://ca.wikiloc.com/rutes-alpinisme/pic-de-cataperdis-19775114
URL -> https://ca.wikiloc.com/rutes-senderisme/pic-de-la-portelleta-o-tossa-plana-de-lles-sortint-dencamp-27973680
URL -> https://ca.wikiloc.com/rutes-senderisme/andorra-pas-de-la-casa-estany-de-les-abelletes-pas-de-la-casa-10489182
URL -> https://ca.wikiloc.com/rutes-senderisme/circ-de-pessons-des-de-grau-roig-5663470
URL -> https://ca.wikiloc.com/rutes-senderisme/pas-de-la-casa-pic-negre-denvalira-andorra-franca-27500587
URL -> https://ca.wikiloc.com/rutes-alpinisme/pic-de-les-fonts-pic-de-la-burna-pic-del-clot-del-cavall-pic-de-percanela-arisal-andorra-54388188
URL -> https://ca.wikiloc.com/rutes-a-peu/andorra-vall-dincles-estany-del-juclar-13-10-12-3481962
URL -> https://ca.wikiloc.com/rutes-alpinisme/110818-andorra-vall-de-sorteny-estany-de-lestanyo-i-tomb-pel-p-n-de-sorteny-1958704
URL -> https://ca.wikiloc.com/rutes-senderisme/vall-denclar-32240643
URL -> https://ca.wikiloc.com/rutes-senderisme/pic-de-pessons-circ-i-estanys-de-pessons-27764580
URL -> https://ca.wikiloc.com/rutes-senderisme/els-cortals-dencamp-refugi-i-estanys-densagents-alt-del-griu-54706960
URL -> https://ca.wikiloc.com/rutes-btt/volta-casamanya-montaup-coll-darenes-arans-8090312
URL -> https://ca.wikiloc.com/rutes-senderisme/vallnord-arcalis-andorra-pic-de-tristaina-estanys-de-tristaina-14158215
URL -> https://ca.wikiloc.com/rutes-alpinisme/canal-amagada-pic-dels-pessons-canal-dels-isards-25760036
URL -> https://ca.wikiloc.com/rutes-esqui-de-muntanya/circular-al-pic-del-salt-2-740-m-11873052
URL -> https://ca.wikiloc.com/rutes-cursa-de-muntanya/encamp-coll-dordino-santuari-meritxell-encamp-andorra-circular-24873200
URL -> https://ca.wikiloc.com/rutes-btt/volta-al-casamanya-amb-btt-18012823
URL -> https://ca.wikiloc.com/rutes-a-peu/andorra-ruta-del-ferro-de-llorts-a-la-cortinada-16497094
URL -> https://ca.wikiloc.com/rutes-bicicleta-de-carretera/la-purito-2017-marxa-llarga-19044587
URL -> https://ca.wikiloc.com/rutes-senderisme/andorra-entremesaigues-vall-del-madriu-perafita-i-claror-14841882
URL -> https://ca.wikiloc.com/rutes-senderisme/grau-roig-refugi-de-montmalus-refugi-de-lilla-4750313
URL -> https://ca.wikiloc.com/rutes-raquetes-de-neu/turo-del-port-vell-vall-de-rialb-andorra-1540298
URL -> https://ca.wikiloc.com/rutes-senderisme/pic-de-casamanya-de-loest-2-757m-des-de-coll-dordino-andorra-circular-17601795
URL -> https://ca.wikiloc.com/rutes-esqui-de-muntanya/pic-de-la-serrera-per-la-vall-de-ransol-23297017
URL -> https://ca.wikiloc.com/rutes-raquetes-de-neu/pics-maia-i-ortafa-des-del-port-denvalira-4164048
URL -> https://ca.wikiloc.com/rutes-senderisme/vall-dincles-40379179
URL -> https://ca.wikiloc.com/rutes-senderisme/estanys-de-juclar-i-coll-de-lalba-3458525
URL -> https://ca.wikiloc.com/rutes-cursa-de-muntanya/margineda-pic-enclar-pic-carroi-andorra-25242222
URL -> https://ca.wikiloc.com/rutes-senderisme/pic-de-la-serrera-pic-de-la-cabaneta-pic-de-lestanyo-des-de-ransol-3274649
URL -> https://ca.wikiloc.com/rutes-senderisme/vall-i-refugi-de-sorteny-planell-del-quer-vall-de-rialb-11285225
URL -> https://ca.wikiloc.com/rutes-senderisme/017-pic-de-tristaina-i-estanys-de-tristaina-andorra-100-cims-feec-8203918
URL -> https://ca.wikiloc.com/rutes-esqui-de-muntanya/pic-de-rulhe-per-vall-dincles-i-retorn-per-estanys-de-juclar-6309502
URL -> https://ca.wikiloc.com/rutes-esqui-de-muntanya/pic-del-salt-andorra-4284774
URL -> https://ca.wikiloc.com/rutes-btt/volta-a-la-rabassa-x-arcavell-3351044
URL -> https://ca.wikiloc.com/rutes-senderisme/estanys-dels-pessons-53576089
URL -> https://ca.wikiloc.com/rutes-senderisme/ruta-pel-rec-del-sola-andorra-21610804
URL -> https://ca.wikiloc.com/rutes-senderisme/passejada-per-la-vall-dincles-55640421
URL -> https://ca.wikiloc.com/rutes-senderisme/sorteny-port-de-siguer-estany-blau-3065013
URL -> https://ca.wikiloc.com/rutes-btt/pic-negre-monturull-carena-serra-airosa-turo-punco-la-rabassa-aubinya-26863449
URL -> https://ca.wikiloc.com/rutes-senderisme/andorra-llacs-de-tristaina-14376508
URL -> https://ca.wikiloc.com/rutes-alpinisme/canal-amagada-al-pic-de-pessons-12402238
URL -> https://ca.wikiloc.com/rutes-alpinisme/arinsal-comapedrosa-forcats-pla-de-lestany-arinsal-3264062
URL -> https://ca.wikiloc.com/rutes-btt/el-tarter-soldeu-forn-de-canillo-canillo-anyos-ordino-la-massana-3527974
URL -> https://ca.wikiloc.com/rutes-senderisme/pic-cataperdis-100-cims-14802834
URL -> https://ca.wikiloc.com/rutes-senderisme/e14-ref-juclar-a-ref-sortenytdp17-travessa-del-pirineu-22985781
URL -> https://ca.wikiloc.com/rutes-senderisme/estany-de-lestanyo-parc-natural-de-la-vall-de-sorteny-andorra-55746302
URL -> https://ca.wikiloc.com/rutes-senderisme/vall-dincles-juclar-fontargent-andorra-franca-10157281
URL -> https://ca.wikiloc.com/rutes-senderisme/coronallacs-18509970
URL -> https://ca.wikiloc.com/rutes-senderisme/andorra-ordino-pic-de-la-serrera-des-de-refugi-sorteny-10134231
URL -> https://ca.wikiloc.com/rutes-btt/la-massana-os-de-civis-civis-sant-julia-la-massana-aubinya-5507105
URL -> https://ca.wikiloc.com/rutes-via-ferrada/via-ferrata-creu-de-noral-k2-segudet-ordino-principat-dandorra-46826380
URL -> https://ca.wikiloc.com/rutes-a-peu/vall-de-ransol-estanys-de-ransol-andorra-7586035
URL -> https://ca.wikiloc.com/rutes-esqui-de-muntanya/pic-tristaina-21541682
URL -> https://ca.wikiloc.com/rutes-btt/endureando-la-massana-bony-de-les-neres-baixalis-12756901
URL -> https://ca.wikiloc.com/rutes-esqui-de-muntanya/portella-de-la-cebollera-2653m-5946250
URL -> https://ca.wikiloc.com/rutes-senderisme/fonts-i-bosc-del-campea-29807142
URL -> https://ca.wikiloc.com/rutes-senderisme/arinsal-estany-truites-4788597
URL -> https://ca.wikiloc.com/rutes-senderisme/grau-roig-estanys-de-les-pessons-24-06-2016-13859805
URL -> https://ca.wikiloc.com/rutes-senderisme/coronallacs-travessa-andorra-18854296
URL -> https://ca.wikiloc.com/rutes-senderisme/andorra-ordino-gr-11-sola-de-segudet-bosc-del-becet-cami-de-les-planes-i-del-sola-sornas-ordino-14373872
URL -> https://ca.wikiloc.com/rutes-senderisme/estanys-del-siscaro-vall-dincles-andorra-13576472
URL -> https://ca.wikiloc.com/rutes-cursa-de-muntanya/encamp-coll-dordino-roc-del-quer-baixada-racons-santuari-meritxell-cami-de-prats-a-encamp-perdines-24601348
URL -> https://ca.wikiloc.com/rutes-btt/aubinya-noves-segre-pla-de-st-tirs-la-freita-la-seu-aubinya-4455524
URL -> https://ca.wikiloc.com/rutes-senderisme/comapedrosa-3517467
URL -> https://ca.wikiloc.com/rutes-senderisme/circular-estanys-de-mener-de-ramsol-27076183
URL -> https://ca.wikiloc.com/rutes-snowboard/gran-valira-4206937
URL -> https://ca.wikiloc.com/rutes-senderisme/pic-de-la-serrera-2-913mts-andorra-41982475
URL -> https://ca.wikiloc.com/rutes-a-peu/volta-a-lestany-dengolasters-4972170
URL -> https://ca.wikiloc.com/rutes-senderisme/andorra-pic-de-carroi-2-334-m-20974881
URL -> https://ca.wikiloc.com/rutes-esqui-de-muntanya/pas-de-la-casa-vallcivera-refugi-de-lilla-circ-de-pesons-pas-de-la-casa-31862668
URL -> https://ca.wikiloc.com/rutes-senderisme/and-ransol-a-circ-de-meners-3254652
URL -> https://ca.wikiloc.com/rutes-senderisme/circular-als-estanys-dels-pessons-i-de-montmalus-13838700
URL -> https://ca.wikiloc.com/rutes-esqui-de-muntanya/casamanya-sud-2749-12350270
URL -> https://ca.wikiloc.com/rutes-btt/volta-al-pic-negre-de-claror-andorra-4768794
URL -> https://ca.wikiloc.com/rutes-senderisme/geocaching-naturlandia-01-abr-2012-2665264
URL -> https://ca.wikiloc.com/rutes-esqui-de-muntanya/pas-de-la-casa-pic-blanc-15616859
URL -> https://ca.wikiloc.com/rutes-senderisme/llac-i-pic-dels-pessons-i-montmalus-andorra-7395109
URL -> https://ca.wikiloc.com/rutes-cursa-de-muntanya/la-margineda-pic-denclar-pic-de-carroi-sispony-25229311
URL -> https://ca.wikiloc.com/rutes-senderisme/pic-de-montmalus-cent-cims-10488533
URL -> https://ca.wikiloc.com/rutes-btt/encamp-meritxell-prats-estacio-soldeu-5132869
URL -> https://ca.wikiloc.com/rutes-a-peu/andorra-llacs-de-tristaina-03-09-14-7719588
URL -> https://ca.wikiloc.com/rutes-senderisme/lagos-de-pessons-lagos-de-la-solana-circo-de-pessons-andorra-25988765
URL -> https://ca.wikiloc.com/rutes-cursa-de-muntanya/celestrail-2019-13238567
URL -> https://ca.wikiloc.com/rutes-senderisme/estany-de-cabana-sorda-7582898
URL -> https://ca.wikiloc.com/rutes-cursa-de-muntanya/ultra-3-trail-49694534
URL -> https://ca.wikiloc.com/rutes-alpinisme/pic-de-lestanyo-per-la-vall-de-montaup-la-cresta-so-i-els-estanys-de-la-vall-del-riu-7651211
URL -> https://ca.wikiloc.com/rutes-senderisme/la-margineda-geolodia-18-24885126
URL -> https://ca.wikiloc.com/rutes-esqui-de-muntanya/grau-roig-montmalus-circ-colells-portella-de-ribus-coll-montmalus-grau-31915894
URL -> https://ca.wikiloc.com/rutes-senderisme/vall-de-sortenyestany-i-pic-de-lestanyo-1954568
URL -> https://ca.wikiloc.com/rutes-senderisme/and-st-miquel-prats-a-st-miquel-engolasters-3253960
URL -> https://ca.wikiloc.com/rutes-btt/la-massana-os-de-civis-3390822
URL -> https://ca.wikiloc.com/rutes-a-peu/valle-de-incles-vall-dincles-per-cami-de-lobac-andorra-13732118
URL -> https://ca.wikiloc.com/rutes-senderisme/grp-andorra-actualitzat-2013-5777721
URL -> https://ca.wikiloc.com/rutes-senderisme/pic-denclar-i-bony-de-la-pica-14414676
URL -> https://ca.wikiloc.com/rutes-senderisme/lago-cabana-sorda-por-lago-querol-y-basses-salamandres-lago-anrodat-13689175
URL -> https://ca.wikiloc.com/rutes-raquetes-de-neu/cami-de-lobac-dincles-andorra-24-03-16-12677331
URL -> https://ca.wikiloc.com/rutes-senderisme/pic-de-tristaina-2878-m-arcalis-andorra-5474961
URL -> https://ca.wikiloc.com/rutes-esqui-de-muntanya/turo-del-forn-24014568
URL -> https://ca.wikiloc.com/rutes-raquetes-de-neu/el-monturull-des-de-naturlandia-12545497
URL -> https://ca.wikiloc.com/rutes-esqui-de-muntanya/la-rabassa-pic-negre-de-claror-3881449
URL -> https://ca.wikiloc.com/rutes-senderisme/llorts-estanys-de-langonella-7347111
URL -> https://ca.wikiloc.com/rutes-cursa-de-muntanya/comapedrosa-i-pica-destats-per-la-cresta-fronterera-19295229
URL -> https://ca.wikiloc.com/rutes-alpinisme/pic-de-noe-pic-descobes-i-alt-de-juclar-40920803
URL -> https://ca.wikiloc.com/rutes-senderisme/lago-dengolasters-cami-de-les-pardines-i-cami-del-confos-13680422
URL -> https://ca.wikiloc.com/rutes-a-peu/solidaritrail-13478527
URL -> https://ca.wikiloc.com/rutes-senderisme/cami-del-gall-3208504
URL -> https://ca.wikiloc.com/rutes-a-peu/ruta-del-ferro-de-llorts-a-la-cortinada-andorra-13699473
URL -> https://ca.wikiloc.com/rutes-raquetes-de-neu/pic-de-montmalus-amb-raquetes-12043363
URL -> https://ca.wikiloc.com/rutes-senderisme/estanys-de-tristaina-circ-de-tristaina-andorra-1170646
URL -> https://ca.wikiloc.com/rutes-esqui-de-muntanya/comapedrosa-6663953
URL -> https://ca.wikiloc.com/rutes-senderisme/llorts-estanys-de-langonella-pics-de-les-fonts-de-la-burna-clot-del-cavall-de-percanela-arans-7876691
URL -> https://ca.wikiloc.com/rutes-senderisme/vall-dincles-ruta-de-los-lagos-etangs-de-fontargenta-etang-de-lestagnole-etang-de-joclar-estanys-1r-37424436
URL -> https://ca.wikiloc.com/rutes-alpinisme/estanys-densagents-i-cim-alt-del-griu-2-876-m-3204417
URL -> https://ca.wikiloc.com/rutes-esqui-de-muntanya/pic-de-la-coma-de-varilles-12336521
URL -> https://ca.wikiloc.com/rutes-senderisme/cami-del-gall-camino-del-gallo-soldeu-a-canillo-andorra-13721872
URL -> https://ca.wikiloc.com/rutes-senderisme/lagos-de-fontargente-francia-por-puerto-dincles-13707497
URL -> https://ca.wikiloc.com/rutes-senderisme/andorra-pica-destats-estany-dareste-andorra-circular-10657633
URL -> https://ca.wikiloc.com/rutes-a-peu/cami-de-les-pardines-al-lago-dengolasters-lago-de-engolasters-13680574
URL -> https://ca.wikiloc.com/rutes-btt/canillo-el-forn-61835
URL -> https://ca.wikiloc.com/rutes-a-peu/llac-dengolasters-28357605
URL -> https://ca.wikiloc.com/rutes-senderisme/pk-pas-de-la-casa-coll-de-lisard-pic-negre-pic-denvalira-pic-de-la-font-negra-pic-de-les-abelletes-39353121
URL -> https://ca.wikiloc.com/rutes-btt/escaldes-engolasters-encamp-beixalis-ordino-escaldes-100087
URL -> https://ca.wikiloc.com/rutes-moto-trail/andorra-pic-negre-i-contrabandistes-22-07-18-26825564
URL -> https://ca.wikiloc.com/rutes-senderisme/and-vall-incles-a-juclar-i-coll-alba-3255273
URL -> https://ca.wikiloc.com/rutes-senderisme/arinsal-pic-port-negre-4788569
URL -> https://ca.wikiloc.com/rutes-bicicleta-de-carretera/ports-andorra-sant-julia-de-loria-fontaneda-coll-de-la-gallina-bixessarri-juberri-rabassa-aixirival-11050795
URL -> https://ca.wikiloc.com/rutes-esqui-de-muntanya/sorteny-ferreroles-serra-de-lestanyo-92322
URL -> https://ca.wikiloc.com/rutes-senderisme/incles-refugi-i-estanys-de-juclar-pic-descobes-fontargenta-incles-14552222
URL -> https://ca.wikiloc.com/rutes-alpinisme/pic-de-la-serrera-pic-de-la-coume-de-seignac-pic-de-la-cabaneta-y-pic-de-lestanyo-desde-sorteny-4750058
URL -> https://ca.wikiloc.com/rutes-senderisme/andorra-sornas-cami-ferradura-bordes-i-coll-de-les-planes-gr-11-bosc-de-becet-la-cortinada-ansalong-19200130
URL -> https://ca.wikiloc.com/rutes-senderisme/andorra-estanys-de-tristaina-1878303
URL -> https://ca.wikiloc.com/rutes-senderisme/circo-de-tristaina-estanys-de-tristaina-lagos-de-tristaina-andorra-25916218
URL -> https://ca.wikiloc.com/rutes-alpinisme/canal-partraras-bauma-darcalis-pic-darcalis-21545859
URL -> https://ca.wikiloc.com/rutes-senderisme/pic-de-lestanyo-2915-m-7916436
URL -> https://ca.wikiloc.com/rutes-senderisme/la-comella-collada-de-caulla-prat-primer-3639609
URL -> https://ca.wikiloc.com/rutes-esqui-de-muntanya/pic-de-serrera-16756077
URL -> https://ca.wikiloc.com/rutes-senderisme/els-cortals-dencamp-alt-del-griu-andorra-14148246
URL -> https://ca.wikiloc.com/rutes-senderisme/les-escaldes-llac-dengolasters-6716745
URL -> https://ca.wikiloc.com/rutes-raquetes-de-neu/pic-de-la-bassera-pel-coll-de-la-botella-12056286
URL -> https://ca.wikiloc.com/rutes-esqui-de-muntanya/3-2017-grau-cim-montmalus-refugi-montmalus-coll-montma-grau-22003171
URL -> https://ca.wikiloc.com/rutes-esqui-de-muntanya/bosc-comellada-bosc-seturia-90728
URL -> https://ca.wikiloc.com/rutes-senderisme/andorra-grau-roig-circ-i-estanys-de-pessons-pic-de-pessons-o-del-gargantillar-10129435
URL -> https://ca.wikiloc.com/rutes-senderisme/coronallacs-refugi-de-lilla-refugi-juclar-o-jucla-refugi-borda-de-sorteny-refugi-del-comapedrosa-28737914
URL -> https://ca.wikiloc.com/rutes-btt/andorra-la-vella-la-comella-engolasters-7842095
URL -> https://ca.wikiloc.com/rutes-senderisme/pic-de-peyreguils-estany-creussans-7581055
URL -> https://ca.wikiloc.com/rutes-alpinisme/estany-blau-escaldes-engordany-1986522
URL -> https://ca.wikiloc.com/rutes-senderisme/port-dincles-o-de-fontargent-10208967
URL -> https://ca.wikiloc.com/rutes-btt/pels-voltants-dencamp-48161
URL -> https://ca.wikiloc.com/rutes-senderisme/pic-de-la-font-blanca-100-cim-18923983
URL -> https://ca.wikiloc.com/rutes-esqui-de-fons/pista-verda-del-bosc-8716242
URL -> https://ca.wikiloc.com/rutes-esqui-de-muntanya/montmalus-9041933
URL -> https://ca.wikiloc.com/rutes-senderisme/and-circ-de-tristaina-3106632
URL -> https://ca.wikiloc.com/rutes-senderisme/vall-de-madriu-andorra-5541526
URL -> https://ca.wikiloc.com/rutes-cursa-de-muntanya/engolasters-coll-de-jovell-vall-de-madriu-refugi-fontverd-andorra-circular-17135541
URL -> https://ca.wikiloc.com/rutes-senderisme/and-circ-de-pessons-3027190
URL -> https://ca.wikiloc.com/rutes-senderisme/grau-roig-montmalus-vallcivera-estany-de-lilla-pessons-grau-roig-7846602
URL -> https://ca.wikiloc.com/rutes-btt/aldosa-beixalis-aldosa-48644
URL -> https://ca.wikiloc.com/rutes-raquetes-de-neu/alt-del-griu-6452760
URL -> https://ca.wikiloc.com/rutes-senderisme/andorra-la-vella-camins-del-rec-del-sola-i-santa-coloma-18382975
URL -> https://ca.wikiloc.com/rutes-senderisme/pic-serrera-i-estanyo-27425589
URL -> https://ca.wikiloc.com/rutes-senderisme/pas-de-la-casa-estany-de-les-abelletes-collada-fontnegre-coll-dels-isards-pic-negre-denvalira-pic-d-27749590
URL -> https://ca.wikiloc.com/rutes-senderisme/estanys-i-refugi-de-cabana-sorda-vall-dincles-andorra-7161410
URL -> https://ca.wikiloc.com/rutes-esqui-de-muntanya/pujada-a-creussans-3804598
URL -> https://ca.wikiloc.com/rutes-senderisme/andorra-pic-de-la-serrera-2-912-m-en-el-valle-de-ransol-28703100
URL -> https://ca.wikiloc.com/rutes-senderisme/ref-de-lilla-ref-cap-del-rec-per-la-muga-28622320
URL -> https://ca.wikiloc.com/rutes-btt/aubinya-frontera-anserall-la-seu-durgell-torres-alas-sorri-bescaran-la-rabassa-aubinya-3426069
URL -> https://ca.wikiloc.com/rutes-senderisme/vall-de-rialb-estany-blau-andorra-1914156
URL -> https://ca.wikiloc.com/rutes-senderisme/estany-de-jucla-canillo-1974415
URL -> https://ca.wikiloc.com/rutes-esqui-de-muntanya/pic-negre-de-claror-andorra-3896554
URL -> https://ca.wikiloc.com/rutes-esqui-de-muntanya/pic-de-la-cabaneta-desde-la-vall-dincles-5698041
URL -> https://ca.wikiloc.com/rutes-moto-trail/transfronterera-andorra-hondarribia-2017-17169494
URL -> https://ca.wikiloc.com/rutes-via-ferrada/via-ferrada-de-sant-vicenc-denclar-3275383
URL -> https://ca.wikiloc.com/rutes-alpinisme/pic-de-montmalus-i-part-del-circuit-de-pessons-25919626
URL -> https://ca.wikiloc.com/rutes-senderisme/encamp-a-mirador-estany-blau-21088353
URL -> https://ca.wikiloc.com/rutes-senderisme/cami-de-prats-a-les-pardines-2487385
URL -> https://ca.wikiloc.com/rutes-senderisme/bordes-dentremesaigues-vall-del-madriu-amb-nens-28075320
URL -> https://ca.wikiloc.com/rutes-senderisme/engolasters-ramio-costa-de-perafita-estany-de-la-nou-7216557
URL -> https://ca.wikiloc.com/rutes-senderisme/el-plans-de-ransol-st-joan-de-caselles-canillo-40333495
URL -> https://ca.wikiloc.com/rutes-senderisme/llac-de-juclar-per-la-vall-dincles-19153169
URL -> https://ca.wikiloc.com/rutes-esqui-de-muntanya/cami-de-collart-i-bosc-de-soldeu-fins-espiolets-32645408
URL -> https://ca.wikiloc.com/rutes-esqui-de-muntanya/pic-de-creussans-desde-l-estacio-de-arcalis-24542147
URL -> https://ca.wikiloc.com/rutes-senderisme/estanys-dels-pessons-estany-primer-estany-forcat-i-estany-rodo-amb-nens-14644076
URL -> https://ca.wikiloc.com/rutes-senderisme/andorra-estany-moreno-13819768
URL -> https://ca.wikiloc.com/rutes-cursa-de-muntanya/encamp-bony-de-les-neres-9903956
URL -> https://ca.wikiloc.com/rutes-senderisme/tosa-del-braibal-passant-pel-circuit-de-les-fonts-56380642
URL -> https://ca.wikiloc.com/rutes-raquetes-de-neu/pic-de-casamanya-1532033
URL -> https://ca.wikiloc.com/rutes-btt/circular-sorteny-estany-blau-pic-port-de-siguer-parking-18616344
URL -> https://ca.wikiloc.com/rutes-senderisme/andorra-estanys-de-juclar-2134978
URL -> https://ca.wikiloc.com/rutes-senderisme/pic-de-lestanyo-i-pic-de-la-cabaneta-del-parquing-del-sorteny-40920641
URL -> https://ca.wikiloc.com/rutes-senderisme/vall-del-riu-per-les-bordes-de-larmiana-amb-nens-14797947
URL -> https://ca.wikiloc.com/rutes-esqui-de-muntanya/pas-de-la-casa-coll-dels-isards-pic-negre-denvalira-17103223
URL -> https://ca.wikiloc.com/rutes-esqui-de-muntanya/pic-de-la-serrera-per-la-coma-de-ransol-6393783
URL -> https://ca.wikiloc.com/rutes-esqui-de-muntanya/pic-de-la-cabaneta-log-709129
URL -> https://ca.wikiloc.com/rutes-esqui-de-muntanya/circular-al-comapedrosa-i-baixant-per-la-canal-del-canut-o-de-lalt-33795698
URL -> https://ca.wikiloc.com/rutes-raquetes-de-neu/grau-roig-circ-de-pessons-11548457
URL -> https://ca.wikiloc.com/rutes-esqui-de-muntanya/5-2017-abarset-cami-avetar-tosa-espiolets-llosada-cortals-dencamp-collada-denradot-llac-del-cubil-g-22470836
URL -> https://ca.wikiloc.com/rutes-senderisme/circ-i-llacs-de-tristaina-5194244
URL -> https://ca.wikiloc.com/rutes-senderisme/sorteny-subida-al-pico-estanyo-7360229
URL -> https://ca.wikiloc.com/rutes-senderisme/volta-als-llacs-de-la-vall-dincles-10381845
URL -> https://ca.wikiloc.com/rutes-a-peu/cami-de-las-pardines-llac-dengolasters-7597460
URL -> https://ca.wikiloc.com/rutes-senderisme/el-tarter-10687940
URL -> https://ca.wikiloc.com/rutes-btt/5-parroquies-180319
URL -> https://ca.wikiloc.com/rutes-senderisme/bescaran-sorri-113517
URL -> https://ca.wikiloc.com/rutes-freeride/pic-blanc-raco-denvalira-cap-el-pic-de-les-abelletes-23563114
URL -> https://ca.wikiloc.com/rutes-senderisme/ransol-estanys-de-ransol-estanys-dels-meners-pic-de-la-serrera-i-baixada-per-refugi-den-jan-fins-pk-14212655
URL -> https://ca.wikiloc.com/rutes-senderisme/trekking-estany-juclar-andorra-4676611
URL -> https://ca.wikiloc.com/rutes-btt/ordino-la-massana-collada-muntaner-os-de-civis-pal-la-massana-ordino-3141567
URL -> https://ca.wikiloc.com/rutes-btt/andorra-la-rabassa-pic-negre-pic-monturull-estanys-de-la-pera-aranser-la-rabassa-12-oct-2019-42437572
URL -> https://ca.wikiloc.com/rutes-senderisme/casamanya-sud-casamanya-del-mig-casamanya-nord-100-cims-26591570
URL -> https://ca.wikiloc.com/rutes-senderisme/roca-entravessada-medacorba-1966188
URL -> https://ca.wikiloc.com/rutes-senderisme/circular-canillo-vall-del-madriu-5573286
URL -> https://ca.wikiloc.com/rutes-alpinisme/canal-nw-o-corredor-nord-oest-pic-montmalus-4351319
URL -> https://ca.wikiloc.com/rutes-alpinisme/travessa-font-blanca-estany-forcat-pic-forcat-tristaina-4965140
URL -> https://ca.wikiloc.com/rutes-btt/la-rabassa-i-baixada-pel-gr-o-cami-de-sant-cristofol-4435467
URL -> https://ca.wikiloc.com/rutes-senderisme/arinsal-pla-de-lestany-4788541
URL -> https://ca.wikiloc.com/rutes-senderisme/circular-comapedrosa-39623854
URL -> https://ca.wikiloc.com/rutes-senderisme/andorra-alt-de-la-capa-fet-20110917-2049314
URL -> https://ca.wikiloc.com/rutes-senderisme/pic-de-medacorba-andorra-18013089
URL -> https://ca.wikiloc.com/rutes-senderisme/panorama-refugi-illa-panorama-53490540
URL -> https://ca.wikiloc.com/rutes-senderisme/incles-siscaro-juclar-fontargenta-incles-llacs-fantastica-13960885
URL -> https://ca.wikiloc.com/rutes-senderisme/pic-de-sanfons-pic-de-comapedrosa-andorra-5510742
URL -> https://ca.wikiloc.com/rutes-senderisme/engolasters-refugi-lilla-refu-densagents-engolasters-andorra-1020879
URL -> https://ca.wikiloc.com/rutes-senderisme/circuit-madriu-maiana-perafita-5450117
URL -> https://ca.wikiloc.com/rutes-cursa-de-muntanya/travessa-massana-1692591
URL -> https://ca.wikiloc.com/rutes-btt/corriols-de-canillo-1246863
URL -> https://ca.wikiloc.com/rutes-senderisme/pic-de-monturull-torre-dels-soldats-i-pic-negre-durgell-20301113
URL -> https://ca.wikiloc.com/rutes-btt/naturlandia-pic-negre-la-caulla-serrat-de-la-creu-manyat-certes-sant-julia-7132614
URL -> https://ca.wikiloc.com/rutes-alpinisme/pic-dels-pessons-pic-de-laliga-montmalus-pic-dels-colells-serra-seca-menera-y-bony-denvalira-4750096
URL -> https://ca.wikiloc.com/rutes-4x4/sant-julia-de-loria-and-aristot-cat-4x4-facil-menys-pujada-pic-negre-moderada-5298443
URL -> https://ca.wikiloc.com/rutes-senderisme/els-cortals-dencamp-les-pedrusques-pic-de-laspra-alt-del-griu-pic-densagents-estanys-densagents-ref-19250021
URL -> https://ca.wikiloc.com/rutes-senderisme/st-pere-del-tarter-a-estany-querol-52983831
URL -> https://ca.wikiloc.com/rutes-senderisme/encamp-coll-dordino-tomb-de-les-neres-2803652
URL -> https://ca.wikiloc.com/rutes-senderisme/circ-i-pic-de-tristaina-andorra-2987785
URL -> https://ca.wikiloc.com/rutes-esqui-de-muntanya/refugi-de-lilla-a-grau-roig-per-pessons-34490459
URL -> https://ca.wikiloc.com/rutes-senderisme/arinsal-refugi-de-coma-pedrosa-andorra-7398937
URL -> https://ca.wikiloc.com/rutes-senderisme/circular-valle-madriu-perafita-claror-con-noche-en-refugio-de-l-illa-andorra-55092661
URL -> https://ca.wikiloc.com/rutes-esqui-de-muntanya/montmalus-5893479
URL -> https://ca.wikiloc.com/rutes-senderisme/volta-al-tristaina-dia-1-ordina-arcalis-refugi-de-lestany-fourcat-26630573
URL -> https://ca.wikiloc.com/rutes-alpinisme/pic-de-la-sarrera-13868592
URL -> https://ca.wikiloc.com/rutes-alpinisme/pic-i-estanys-de-tristaina-28152471
URL -> https://ca.wikiloc.com/rutes-senderisme/estanys-de-pessons-desde-grau-roig-14029259
URL -> https://ca.wikiloc.com/rutes-senderisme/estanys-i-refugi-de-jucla-vall-dincles-andorra-7161506
URL -> https://ca.wikiloc.com/rutes-senderisme/montmalus-pic-negre-denvalira-pic-denvalira-100-cims-2-feec-ibp-143-hkg-11-09-2017-19687137
URL -> https://ca.wikiloc.com/rutes-alpinisme/pic-darcalis-cataperdis-cabayrou-peyreguils-etang-fourcat-y-pic-de-tristaina-5520766
URL -> https://ca.wikiloc.com/rutes-senderisme/pic-de-la-serrera-100-cims-29345687
URL -> https://ca.wikiloc.com/rutes-esqui-de-muntanya/pic-negre-de-claror-des-del-pla-de-les-mules-5865390
URL -> https://ca.wikiloc.com/rutes-senderisme/de-les-solanelles-estacio-superior-funicamp-a-lorri-i-lestany-del-cubil-amb-nens-14675313
URL -> https://ca.wikiloc.com/rutes-senderisme/circ-dels-pessons-3342226
URL -> https://ca.wikiloc.com/rutes-senderisme/p-n-vall-de-sorteny-jardi-botanic-saleres-de-lestanyo-lestanyo-serra-del-rellotge-pic-de-lestanyo-r-28971949
URL -> https://ca.wikiloc.com/rutes-bicicleta-de-carretera/la-seu-durgell-andorra-la-vella-collada-de-beixalis-ordino-arcalis-tour-de-france-2016-14001877
URL -> https://ca.wikiloc.com/rutes-alpinisme/pic-escobes-100-cims-15383635
URL -> https://ca.wikiloc.com/rutes-senderisme/refugi-de-juclar-pic-de-ruf-estany-negre-de-juclar-pic-de-la-pala-de-sobre-lestany-14536144
URL -> https://ca.wikiloc.com/rutes-senderisme/coronallacs-etapa-1-andorra-la-vella-refugi-de-lilla-55442047
URL -> https://ca.wikiloc.com/rutes-alpinisme/juclar-rulhe-fontargent-27-06-2010-1035479
URL -> https://ca.wikiloc.com/rutes-senderisme/gr-11-andorra-etapa-15-etapa-30-de-la-feec-encamp-arans-2017-19049870
URL -> https://ca.wikiloc.com/rutes-a-peu/st-vicenc-enclar-5161152
URL -> https://ca.wikiloc.com/rutes-senderisme/la-tossa-de-braibal-des-d-engolasters-i-per-coll-jovell-17756508
URL -> https://ca.wikiloc.com/rutes-raquetes-de-neu/soldeu-valleincles-stanyjuclar-6016850
URL -> https://ca.wikiloc.com/rutes-senderisme/canillo-forn-riba-escorxada-tarter-canillo-1856864
URL -> https://ca.wikiloc.com/rutes-a-peu/cami-del-toll-bullidor-1439023
URL -> https://ca.wikiloc.com/rutes-senderisme/sant-julia-de-loria-andorra-ruta-de-las-ermitas-de-nagol-11919972
URL -> https://ca.wikiloc.com/rutes-senderisme/estanys-de-jucla-7814578
URL -> https://ca.wikiloc.com/rutes-senderisme/itinerari-dentremesaigues-escaldes-engordany-1986457
URL -> https://ca.wikiloc.com/rutes-trineu/baixada-tobotronc-4972221
URL -> https://ca.wikiloc.com/rutes-trineu/tobotronc-4972200
URL -> https://ca.wikiloc.com/rutes-senderisme/lestany-esbalcat-14719384
URL -> https://ca.wikiloc.com/rutes-senderisme/estany-de-cabana-sorda-canillo-1974485
URL -> https://ca.wikiloc.com/rutes-btt/port-dret-enduro-5-13854094
URL -> https://ca.wikiloc.com/rutes-senderisme/sorteny-estany-blau-portella-de-rialb-sorteny-52070737
URL -> https://ca.wikiloc.com/rutes-senderisme/ruta-dels-4-llacs-de-tristaina-27053502
URL -> https://ca.wikiloc.com/rutes-btt/soldeu-canillo-encamp-cortals-pessons-soldeu-28339028
URL -> https://ca.wikiloc.com/rutes-4x4/4x4-andorra-el-tarter-estany-primer-pessons-30-jul-2013-4942373
URL -> https://ca.wikiloc.com/rutes-senderisme/estany-de-montmalus-38957460
URL -> https://ca.wikiloc.com/rutes-senderisme/incles-port-de-fontargenta-pic-danrodat-estanys-de-lisla-anrodat-i-cabana-sorda-1736082
URL -> https://ca.wikiloc.com/rutes-a-peu/ruta-del-ferro-andorra-8288099
URL -> https://ca.wikiloc.com/rutes-senderisme/incles-font-dargent-juclar-incles-39076223
URL -> https://ca.wikiloc.com/rutes-alpinisme/grau-roig-montmalus-15730235
URL -> https://ca.wikiloc.com/rutes-senderisme/cami-ral-cami-del-sola-les-escaldes-la-massana-andorra-17-08-18-29311035
URL -> https://ca.wikiloc.com/rutes-esqui-de-muntanya/arinsal-comapedrosa-2942m-andorra-16852595
URL -> https://ca.wikiloc.com/rutes-btt/trialera-colll-dordino-61302
URL -> https://ca.wikiloc.com/rutes-raquetes-de-neu/montmalus-100-cims-31569895
URL -> https://ca.wikiloc.com/rutes-esqui-de-muntanya/el-tarter-pla-despiolets-per-cami-abetar-i-bosc-de-soldeu-21416790
URL -> https://ca.wikiloc.com/rutes-senderisme/circo-de-tristaina-4906266
URL -> https://ca.wikiloc.com/rutes-senderisme/pic-de-casamanya-sud-andorra-5118694
URL -> https://ca.wikiloc.com/rutes-a-peu/lagos-de-tristaina-andorra-5146364
URL -> https://ca.wikiloc.com/rutes-senderisme/la-baladosa-estanys-de-siscaro-i-de-les-canals-roges-vall-dincles-soldeu-andorra-37468965
URL -> https://ca.wikiloc.com/rutes-senderisme/pic-de-creussans-7667676
URL -> https://ca.wikiloc.com/rutes-senderisme/circular-desl-estanys-de-tristaina-la-gouielle-petsiguer-fourcat-18686539
URL -> https://ca.wikiloc.com/rutes-senderisme/gr-11-andorra-etapa-14-etapa-31-de-la-feec-refugi-lilla-encamp-2017-19027226
URL -> https://ca.wikiloc.com/rutes-senderisme/tomb-del-turer-14604394
URL -> https://ca.wikiloc.com/rutes-senderisme/cami-de-les-pardines-andorra-32961039
URL -> https://ca.wikiloc.com/rutes-raquetes-de-neu/la-cerdanya-pic-de-la-colilla-8830328
URL -> https://ca.wikiloc.com/rutes-senderisme/alta-ruta-pirineus-hrp-del-refugi-de-juclar-al-refugi-de-besines-03-07-2016-14036125
URL -> https://ca.wikiloc.com/rutes-alpinisme/comapedrosa-2-942m-techo-de-andorra-40879274
URL -> https://ca.wikiloc.com/rutes-btt/andorra-la-vella-engolasters-bony-de-les-neres-anyos-andorra-433583
URL -> https://ca.wikiloc.com/rutes-btt/la-massana-andorra-escaldes-encamp-la-massana-2906194
URL -> https://ca.wikiloc.com/rutes-senderisme/circular-canillo-1999590
URL -> https://ca.wikiloc.com/rutes-senderisme/tossa-del-braibal-andorra-100-cims-7691688
URL -> https://ca.wikiloc.com/rutes-senderisme/estanys-de-juclar-andorra-10446834
URL -> https://ca.wikiloc.com/rutes-esqui-de-muntanya/coll-del-baser-negre-arcalis-andorra-5881583
URL -> https://ca.wikiloc.com/rutes-senderisme/estanys-de-tristaina-arcalis-and-1860756
URL -> https://ca.wikiloc.com/rutes-senderisme/el-circo-de-pessons-pirineos-de-andorra-andorra-7693734
URL -> https://ca.wikiloc.com/rutes-senderisme/etapa-4-coronallacs-ref-borda-de-sorteny-llorts-pic-del-clot-del-cavall-pla-de-lestany-ref-del-coma-28741835
URL -> https://ca.wikiloc.com/rutes-senderisme/engolasters-8447219
URL -> https://ca.wikiloc.com/rutes-alpinisme/travessa-coll-dordino-casamanya-ref-coma-obaga-llorts-2724400
URL -> https://ca.wikiloc.com/rutes-senderisme/ordino-arcalis-vall-nord-la-coma-de-rat-bretxa-darcalis-pic-de-cataperdis-2806-m-10252749
URL -> https://ca.wikiloc.com/rutes-btt/ruta-72-enduro-3-13853701
URL -> https://ca.wikiloc.com/rutes-esqui-de-muntanya/volta-al-montmalus-3957943
URL -> https://ca.wikiloc.com/rutes-senderisme/lagos-de-juclar-10462059
URL -> https://ca.wikiloc.com/rutes-senderisme/andorra-tomb-de-les-neres-desde-coll-dordino-10274833
URL -> https://ca.wikiloc.com/rutes-senderisme/estany-de-la-cabana-sorda-desde-incles-circular-39531252
URL -> https://ca.wikiloc.com/rutes-senderisme/pic-de-tristaina-2878-m-100cims-7969653
URL -> https://ca.wikiloc.com/rutes-senderisme/comapedrosa-100-cims-feec-ibp-156-hkg-21-06-2017-18334021
URL -> https://ca.wikiloc.com/rutes-senderisme/andorra-grau-roig-lagos-y-circo-de-pessons-pic-del-pessons-10270907
URL -> https://ca.wikiloc.com/rutes-senderisme/20130929-llacs-de-pessons-andorra-5346174
URL -> https://ca.wikiloc.com/rutes-alpinisme/ruta-pico-comapedrosa-2-942-m-techo-de-andorra-37790443
URL -> https://ca.wikiloc.com/rutes-esqui-de-muntanya/pic-denvalira-2827-m-y-pic-negre-denvalira-2821m-desde-pas-de-la-casa-5886511
URL -> https://ca.wikiloc.com/rutes-btt/grandvalira-xc-14668834
URL -> https://ca.wikiloc.com/rutes-senderisme/roc-de-les-bruixes-12435605
URL -> https://ca.wikiloc.com/rutes-btt/descens-de-langonella-andorra-496327
URL -> https://ca.wikiloc.com/rutes-senderisme/ruta-por-los-lagos-de-pessons-y-la-solana-estany-primer-de-pessons-forcat-rodo-meligar-les-fonts-et-10837753
URL -> https://ca.wikiloc.com/rutes-senderisme/pic-negre-pic-negre-durgell-monturull-pic-de-claror-y-pic-de-la-peguera-desde-la-rabassa-3833007
URL -> https://ca.wikiloc.com/rutes-senderisme/andorra-ordino-cabanes-del-castellar-pic-de-besali-portella-de-rialp-pic-de-font-blanca-estany-esba-20161061
URL -> https://ca.wikiloc.com/rutes-cursa-de-muntanya/andorra-outdoor-games-23km-12258913
URL -> https://ca.wikiloc.com/rutes-btt/enduro-1-volta-cubil-13846616
URL -> https://ca.wikiloc.com/rutes-senderisme/rec-del-sola-andorra-la-vella-2354850
URL -> https://ca.wikiloc.com/rutes-raquetes-de-neu/el-tarter-carretera-borda-de-marticella-sola-del-tarter-estanyo-del-querol-collada-del-clot-del-sor-15695172
URL -> https://ca.wikiloc.com/rutes-senderisme/circ-i-estanys-de-pessons-grau-roig-andorra-15341981
URL -> https://ca.wikiloc.com/rutes-a-peu/sornas-andorra-5146503
URL -> https://ca.wikiloc.com/rutes-senderisme/cami-vell-auvinya-sant-julia-de-loria-6957045
URL -> https://ca.wikiloc.com/rutes-senderisme/estanys-de-querol-y-salamandres-subida-cima-de-tossa-de-caraup-andorra-42456287
URL -> https://ca.wikiloc.com/rutes-senderisme/costa-rodona-coll-dels-isars-pic-negre-denvalira-serra-seca-montmalus-grau-roig-19215547
URL -> https://ca.wikiloc.com/rutes-senderisme/escobes-1070940
URL -> https://ca.wikiloc.com/rutes-alpinisme/arinsal-pic-del-pla-de-lestany-pics-de-racofred-medacorba-7837614
URL -> https://ca.wikiloc.com/rutes-esqui-de-muntanya/pic-de-pessons-6776421
URL -> https://ca.wikiloc.com/rutes-senderisme/ruta-circular-por-la-vall-dincles-20199305
URL -> https://ca.wikiloc.com/rutes-senderisme/pic-de-cataperdis-28152531
URL -> https://ca.wikiloc.com/rutes-senderisme/la-comella-refugi-de-prat-primer-la-caulla-cami-de-lavier-la-comella-3132989
URL -> https://ca.wikiloc.com/rutes-senderisme/ruta-en-solitario-valle-de-incles-muy-facil-31918586
URL -> https://ca.wikiloc.com/rutes-senderisme/ensagents-refugio-y-lagos-29260791
URL -> https://ca.wikiloc.com/rutes-btt/massana-tot-terreny-37883615
URL -> https://ca.wikiloc.com/rutes-esqui-de-muntanya/pic-de-les-pales-de-la-cabana-sorda-2596644
URL -> https://ca.wikiloc.com/rutes-bicicleta-de-carretera/2019-08-17-marxa-les-3-nacions-andorra-la-vella-port-denvalira-col-puymorens-puigcerda-seu-durgell-40328256
URL -> https://ca.wikiloc.com/rutes-4x4/encamp-anyos-521096
URL -> https://ca.wikiloc.com/rutes-senderisme/gr7-grau-roig-les-escaldes-26302062
URL -> https://ca.wikiloc.com/rutes-raquetes-de-neu/vall-de-incles-21406886
URL -> https://ca.wikiloc.com/rutes-senderisme/comapedrosa-2073865
URL -> https://ca.wikiloc.com/rutes-senderisme/vall-dincles-estanys-de-fontargenta-y-de-juclar-14313777
URL -> https://ca.wikiloc.com/rutes-senderisme/meritxell-prats-canillo-7183689
URL -> https://ca.wikiloc.com/rutes-btt/vila-font-del-mallol-aldosa-1796307
URL -> https://ca.wikiloc.com/rutes-senderisme/vall-de-ransol-refugi-de-coms-de-jan-pic-de-la-coma-de-varilles-2758-m-pic-oest-2728-m-portella-de-10252865
URL -> https://ca.wikiloc.com/rutes-senderisme/ascension-al-pic-de-la-cabaneta-2820m-andorra-7582740
URL -> https://ca.wikiloc.com/rutes-alpinisme/pics-de-lestanyo-la-cabaneta-la-serrera-y-la-coma-de-senyac-7691085
URL -> https://ca.wikiloc.com/rutes-a-peu/cami-ral-de-sornas-camping-borda-dansalonga-hasta-llorts-recorriendo-la-ruta-del-ferro-la-cortinada-37438912
URL -> https://ca.wikiloc.com/rutes-senderisme/refugio-de-fontverd-engolasters-andorra-9707532
URL -> https://ca.wikiloc.com/rutes-senderisme/estanys-de-pessons-7327320
URL -> https://ca.wikiloc.com/rutes-senderisme/lagos-de-pessons-y-la-solana-hasta-el-circo-de-pessons-28945345
URL -> https://ca.wikiloc.com/rutes-alpinisme/100-cims-pic-denclar-i-bony-de-la-pica-33773894
URL -> https://ca.wikiloc.com/rutes-senderisme/grau-roig-pic-de-la-menera-pic-dels-pessons-alt-del-griu-pics-del-cubil-grau-roig-5598376
URL -> https://ca.wikiloc.com/rutes-via-ferrada/via-ferrata-del-gos-canillo-18914390
URL -> https://ca.wikiloc.com/rutes-senderisme/estanys-de-juclar-pic-descobes-etangs-de-fontargenta-andorra-5412990
URL -> https://ca.wikiloc.com/rutes-cursa-de-muntanya/la-rabassa-naturlandia-cota-2000-5044769
URL -> https://ca.wikiloc.com/rutes-raquetes-de-neu/comapedrosa-desde-arinsal-15485175
URL -> https://ca.wikiloc.com/rutes-via-ferrada/ferrata-canal-del-grau-canillo-andorra-14901183
URL -> https://ca.wikiloc.com/rutes-cursa-de-muntanya/de-lhotel-panorama-descaldes-al-refugi-de-lilla-53407833
URL -> https://ca.wikiloc.com/rutes-senderisme/la-cortinada-pic-de-casamanya-coll-ordino-gr11-la-cortinada-10515199
URL -> https://ca.wikiloc.com/rutes-senderisme/andorra-los-estanys-de-tristaina-28564001
URL -> https://ca.wikiloc.com/rutes-esqui-de-muntanya/pic-de-la-sal-2-743-m-en-travesia-sorteny-rialb-12718819
URL -> https://ca.wikiloc.com/rutes-btt/ordino-volta-al-cassamanya-510530
URL -> https://ca.wikiloc.com/rutes-correr/ruta-de-les-fonts-valle-del-madriu-y-perafita-28418945
URL -> https://ca.wikiloc.com/rutes-senderisme/circular-circ-de-pessons-estanys-de-la-solana-17-llacs-10450050
URL -> https://ca.wikiloc.com/rutes-senderisme/arinsal-pla-de-lestany-coll-dels-estanys-forcats-pic-de-medacorba-7845824
URL -> https://ca.wikiloc.com/rutes-senderisme/sorteny-estany-blau-rialb-39893487
URL -> https://ca.wikiloc.com/rutes-via-ferrada/via-ferrata-tossal-gran-daixovall-3500817
URL -> https://ca.wikiloc.com/rutes-senderisme/refugi-de-lilla-des-de-grau-roig-fent-pic-de-ribuls-23597183
URL -> https://ca.wikiloc.com/rutes-senderisme/cami-dels-estanys-de-tristaina-19147661
URL -> https://ca.wikiloc.com/rutes-esqui-de-muntanya/ref-rulhe-collada-dalba-ref-juclar-parquing-incles-34515932
URL -> https://ca.wikiloc.com/rutes-senderisme/arinsal-refugi-de-coma-pedrosa-1077186
URL -> https://ca.wikiloc.com/rutes-senderisme/casamanya-6227543
URL -> https://ca.wikiloc.com/rutes-senderisme/andorra-lagos-dels-pessons-y-la-solana-11261667
URL -> https://ca.wikiloc.com/rutes-senderisme/vall-riu-madriu-estany-de-lilla-grau-roig-156913
URL -> https://ca.wikiloc.com/rutes-senderisme/vall-de-rialb-font-nova-refugi-de-sorteny-1986779
URL -> https://ca.wikiloc.com/rutes-moto-trail/transpirenaica-2017-tramo-3-19545077
URL -> https://ca.wikiloc.com/rutes-senderisme/pic-de-lestanyo-pic-de-la-serrera-7811871
URL -> https://ca.wikiloc.com/rutes-senderisme/circular-y-ascension-al-pic-de-tristaina-2878-m-14381030
URL -> https://ca.wikiloc.com/rutes-senderisme/circuit-interpretatiu-comapedrosa-44462200
URL -> https://ca.wikiloc.com/rutes-senderisme/circular-alta-del-circ-de-pessons-pics-de-pessons-ribols-montmalus-55396444
URL -> https://ca.wikiloc.com/rutes-senderisme/pirineos-juclar-fontargente-3464931
URL -> https://ca.wikiloc.com/rutes-esqui-de-muntanya/prat-primer-295462
URL -> https://ca.wikiloc.com/rutes-alpinisme/circular-arcalis-coll-arbella-refugi-forcat-coll-i-pic-tristania-hivernal-6780056
URL -> https://ca.wikiloc.com/rutes-senderisme/pic-de-mil-menut-2778-m-14338703
URL -> https://ca.wikiloc.com/rutes-esqui-de-muntanya/ransol-pic-de-serrera-2-912-sorteny-6094761
URL -> https://ca.wikiloc.com/rutes-btt/volta-a-arcavell-i-la-rabassa-per-juberri-3368748
URL -> https://ca.wikiloc.com/rutes-senderisme/soldeu-pas-de-les-vaques-siscaro-canals-roges-cami-de-lobac-dincles-a-soldeu-27907340
URL -> https://ca.wikiloc.com/rutes-moto/1volta-x-3-paisos-sispony-aix-les-thermes-axat-lesangles-puigcerda-sispony-34438433
URL -> https://ca.wikiloc.com/rutes-alpinisme/pics-darcalis-y-cataperdis-7363849
URL -> https://ca.wikiloc.com/rutes-a-peu/llac-de-tristania-10438760
URL -> https://ca.wikiloc.com/rutes-alpinisme/pic-alt-de-cubil-2833m-circ-de-pessons-andorra-53226753
URL -> https://ca.wikiloc.com/rutes-senderisme/pico-de-la-serrera-2-913m-pirineo-andorra-27851442
URL -> https://ca.wikiloc.com/rutes-senderisme/roc-de-la-cauba-circular-7364093
URL -> https://ca.wikiloc.com/rutes-esqui-de-muntanya/pic-de-la-menera-2-776m-andorra-13038508
URL -> https://ca.wikiloc.com/rutes-senderisme/de-lhotel-panorama-al-cementeri-de-sta-coloma-pel-rec-del-sola-11033041
URL -> https://ca.wikiloc.com/rutes-senderisme/vall-del-madriu-509052
URL -> https://ca.wikiloc.com/rutes-senderisme/lagos-de-tristaina-ordino-andorra-10135606
URL -> https://ca.wikiloc.com/rutes-senderisme/2017-07-07-01-soldeu-valle-del-siscaro-riu-dincles-18645153
URL -> https://ca.wikiloc.com/rutes-4x4/transpirenaica-4x4-dia-4-andorra-llavorsi-18739275
URL -> https://ca.wikiloc.com/rutes-raquetes-de-neu/refugi-de-juclar-2310m-8708305
URL -> https://ca.wikiloc.com/rutes-senderisme/coronallacs-etapa-1-escaldes-refugi-de-lilla-27364943
URL -> https://ca.wikiloc.com/rutes-bicicleta-de-carretera/la-massana-coll-de-la-botella-coll-de-cabus-la-massana-ordino-arcalis-la-massana-4930586
URL -> https://ca.wikiloc.com/rutes-btt/escaldes-os-de-civis-pal-escaldes-15-ago-13-5040400
URL -> https://ca.wikiloc.com/rutes-bicicleta-de-carretera/coll-de-canillo-4385330
URL -> https://ca.wikiloc.com/rutes-cursa-de-muntanya/ascension-al-pic-de-casamanya-en-andorra-desde-ordino-16868443
URL -> https://ca.wikiloc.com/rutes-senderisme/estany-de-las-salamandras-19586998
URL -> https://ca.wikiloc.com/rutes-senderisme/cap-del-port-y-tossa-del-cap-de-siscaro-3156161
URL -> https://ca.wikiloc.com/rutes-esqui-de-muntanya/tomasset-4558243
URL -> https://ca.wikiloc.com/rutes-senderisme/grau-roig-refugio-vell-estany-primer-anthercas-10229191
URL -> https://ca.wikiloc.com/rutes-senderisme/estanys-de-fontargent-des-de-larieja-4888910
URL -> https://ca.wikiloc.com/rutes-senderisme/circ-de-pessons-10433251
URL -> https://ca.wikiloc.com/rutes-senderisme/vall-dincles-pic-danrodat-2730m-andorra-10773076
URL -> https://ca.wikiloc.com/rutes-raquetes-de-neu/raquetas-naturlandia-andorra-44142588
URL -> https://ca.wikiloc.com/rutes-senderisme/andorra-estanys-de-juclar-19719193
URL -> https://ca.wikiloc.com/rutes-a-peu/andorra-lago-dengolasters-27000980
URL -> https://ca.wikiloc.com/rutes-senderisme/vall-denclar-fins-als-prats-del-paquetaire-1974214
URL -> https://ca.wikiloc.com/rutes-a-peu/llac-dengolasters-les-pardines-llac-dengolasters-13898739
URL -> https://ca.wikiloc.com/rutes-senderisme/tossa-del-cap-de-siscaro-cabaneta-roc-meler-10664864
URL -> https://ca.wikiloc.com/rutes-senderisme/refugio-de-cabana-sorda-andorra-3222882
URL -> https://ca.wikiloc.com/rutes-4x4/ruta-de-los-contrabandistas-2014-7643463
URL -> https://ca.wikiloc.com/rutes-senderisme/vall-dincles-estanys-cabana-sorda-salamandres-y-querol-5169642
URL -> https://ca.wikiloc.com/rutes-senderisme/llacs-dels-pessons-3122453
URL -> https://ca.wikiloc.com/rutes-senderisme/subida-al-pico-comapedrosa-2-942m-techo-de-andorra-circular-10638299
URL -> https://ca.wikiloc.com/rutes-senderisme/arinsal-refugi-de-comapredrosa-estany-negre-pic-de-comapedrosa-39995825
URL -> https://ca.wikiloc.com/rutes-senderisme/incles-siscaro-port-dret-soldeu-incles-andorra-3156207
URL -> https://ca.wikiloc.com/rutes-raquetes-de-neu/vall-de-sorteny-estany-de-lestanyo-6201513
URL -> https://ca.wikiloc.com/rutes-senderisme/gr-7-la-farga-la-seu-2014688
URL -> https://ca.wikiloc.com/rutes-senderisme/vall-dincles-estany-fontangente-lestagnol-jouclar-y-el-juclar-2921137
URL -> https://ca.wikiloc.com/rutes-moto-trail/ruta-contrabandistas-y-pic-negre-2017-23388772
URL -> https://ca.wikiloc.com/rutes-senderisme/estany-de-ransol-ruta-circular-10589230
URL -> https://ca.wikiloc.com/rutes-outdoor/rabassa-calbinya-9141711
URL -> https://ca.wikiloc.com/rutes-senderisme/coronallacs-2-etapa-refugi-de-lilla-refugi-de-juclar-5-ago-19-41107216
URL -> https://ca.wikiloc.com/rutes-senderisme/pic-de-la-font-blanca-andorra-100-cims-7680781
URL -> https://ca.wikiloc.com/rutes-senderisme/ordino-sornas-ordino-17348271
URL -> https://ca.wikiloc.com/rutes-moto-trail/andorra-montferrer-contrabandiastas-f800gs-4757279
URL -> https://ca.wikiloc.com/rutes-correr/casamanya-extrem-2017-18309716
URL -> https://ca.wikiloc.com/rutes-raquetes-de-neu/ruta-raquetas-1-arinsal-refugi-pla-del-estany-world-summits-22192254
URL -> https://ca.wikiloc.com/rutes-a-peu/lagos-y-circo-de-tristana-andorra-18557927
URL -> https://ca.wikiloc.com/rutes-senderisme/pic-dels-pessons-ribuls-central-i-montmalus-by-orrius-team-10101777
URL -> https://ca.wikiloc.com/rutes-senderisme/gr11-etapa-31-encamp-ref-lilla-5351258
URL -> https://ca.wikiloc.com/rutes-senderisme/pic-del-caball-13937038
URL -> https://ca.wikiloc.com/rutes-senderisme/valle-de-incles-fortagent-pico-de-rulhe-valle-de-incles-1854056
URL -> https://ca.wikiloc.com/rutes-senderisme/coronallacs-1-etapa-escaldes-refugi-de-lilla-04-ago-19-41106746
URL -> https://ca.wikiloc.com/rutes-senderisme/pic-de-coma-pedrosa-pirineus-41799594
URL -> https://ca.wikiloc.com/rutes-senderisme/cap-de-la-serra-dels-isards-desde-larmiana-circular-10333597
URL -> https://ca.wikiloc.com/rutes-senderisme/circular-ascension-pic-anrodat-y-fontargent-desde-pont-de-la-baladosa-vall-dincles-15001557
URL -> https://ca.wikiloc.com/rutes-bicicleta-de-carretera/andorra-la-massana-coll-dordino-port-denvalira-collada-de-beixalis-la-massana-14857845
URL -> https://ca.wikiloc.com/rutes-senderisme/lago-del-juclar-andorra-4975422
URL -> https://ca.wikiloc.com/rutes-4x4/4x4-pal-aixovall-andorra-23-09-2012-3399198
URL -> https://ca.wikiloc.com/rutes-senderisme/ruta-del-ferro-6944904
URL -> https://ca.wikiloc.com/rutes-via-ferrada/ferrata-directisima-14477402
URL -> https://ca.wikiloc.com/rutes-senderisme/arinsal-parque-nacional-valls-de-comapedrosa-refugi-pla-de-lestany-18749017
URL -> https://ca.wikiloc.com/rutes-senderisme/circo-de-pessons-encamp-andorra-1041447
URL -> https://ca.wikiloc.com/rutes-4x4/ruta-de-los-contrabandistas-cardriver-dic-1995-5319427
URL -> https://ca.wikiloc.com/rutes-a-peu/vall-de-sorteny-estany-de-lestanyo-1079413
URL -> https://ca.wikiloc.com/rutes-senderisme/lagos-tristaina-andorra-38825741
URL -> https://ca.wikiloc.com/rutes-a-peu/circuit-de-les-fontscircuit-esportiu-de-les-fonts-andorra-2521645
URL -> https://ca.wikiloc.com/rutes-cursa-de-muntanya/arinsal-comapedrosa-26016217
URL -> https://ca.wikiloc.com/rutes-senderisme/naturlandia-peregrinacion-vw-t1-4958364
URL -> https://ca.wikiloc.com/rutes-senderisme/circular-valle-del-madriu-andorra-19062288
URL -> https://ca.wikiloc.com/rutes-esqui-de-muntanya/travesia-rialp-valle-de-soulanet-la-sabina-valle-de-seignac-sorteny-770687
URL -> https://ca.wikiloc.com/rutes-bicicleta-de-carretera/i-marcha-la-purito-andorra-la-marcha-mas-dura-de-europa-10521886
URL -> https://ca.wikiloc.com/rutes-senderisme/estany-de-jucla-canillo-andorra-11207426
URL -> https://ca.wikiloc.com/rutes-alpinisme/pico-de-tristaina-desde-ordino-arcalis-7275687
URL -> https://ca.wikiloc.com/rutes-senderisme/refugio-de-fontverd-vall-del-madriu-5139194
URL -> https://ca.wikiloc.com/rutes-senderisme/alt-de-la-capa-27097125
URL -> https://ca.wikiloc.com/rutes-senderisme/la-comella-costasseda-la-caulla-prat-primer-andorra-1641772
URL -> https://ca.wikiloc.com/rutes-4x4/contrabandistas-55542849
URL -> https://ca.wikiloc.com/rutes-senderisme/soldeu-cami-del-gallhasta-presa-de-ransol-14256784
URL -> https://ca.wikiloc.com/rutes-bicicleta-de-carretera/ruta-por-andorra-12067666
URL -> https://ca.wikiloc.com/rutes-alpinisme/ref-sorteny-pic-estanyo-pic-cabaneta-pic-serrera-ref-sorteny-parking-42115417
URL -> https://ca.wikiloc.com/rutes-senderisme/110819-gr-11-andorra-engolasters-cs-200-refugi-de-fontverd-pel-ramio-gr-7-i-el-riu-madriu-1958727
URL -> https://ca.wikiloc.com/rutes-senderisme/mojones-fronterizos-andorra-francia-53739045
URL -> https://ca.wikiloc.com/rutes-senderisme/refugio-densagents-y-estany-moreno-andorra-3366707
URL -> https://ca.wikiloc.com/rutes-4x4/pyrenees-4x4-ndeg3-andorre-fos-juillet-2020-53693973
URL -> https://ca.wikiloc.com/rutes-senderisme/pic-negre-de-claror-desde-la-rabassa-4686764
URL -> https://ca.wikiloc.com/rutes-4x4/contrabandistas-picnegre-espectacular-42304201
URL -> https://ca.wikiloc.com/rutes-alpinisme/pic-pessons-i-pic-ribuls-desde-grau-roig-subiendo-por-el-gr-y-bajando-por-la-canal-dels-isards-34500489
URL -> https://ca.wikiloc.com/rutes-bicicleta-de-carretera/andorra-la-vella-alt-de-la-comella-llac-dengolasters-i-vuelta-13012120
URL -> https://ca.wikiloc.com/rutes-a-peu/encamp-llac-dengolasters-4810898
URL -> https://ca.wikiloc.com/rutes-senderisme/port-denvalira-pic-ortafa-port-dret-cap-del-port-tossa-de-siscaro-cabaneta-roc-mele-3396157
URL -> https://ca.wikiloc.com/rutes-bicicleta-de-carretera/andorra-coll-de-la-gallina-casi-4232697
URL -> https://ca.wikiloc.com/rutes-btt/arinsal-port-del-cabus-os-de-civis-sispony-arinsal-3207873
URL -> https://ca.wikiloc.com/rutes-cursa-de-muntanya/arinsal-estany-negre-comapedrosa-estany-de-baiau-estanis-de-forcats-pla-del-estany-andorra-27145265
URL -> https://ca.wikiloc.com/rutes-btt/2013-la-massana-coll-montaner-seturia-coll-de-botella-port-de-cabus-covit-massana-andorra-5913347
URL -> https://ca.wikiloc.com/rutes-senderisme/lagos-de-la-vall-del-riu-estanyo-canillo-andorra-38199184
URL -> https://ca.wikiloc.com/rutes-esqui-de-muntanya/pic-de-la-coma-de-varilles-2758-m-andorra-8727664
URL -> https://ca.wikiloc.com/rutes-senderisme/gr11-encamp-arinsal-5127039
URL -> https://ca.wikiloc.com/rutes-senderisme/llorts-roc-del-castell-bordes-de-sedornet-ordino-andorra-29791654
URL -> https://ca.wikiloc.com/rutes-btt/andorra-creixell-en-4-dias-etapa-1-de-andorra-a-organya-10739235
URL -> https://ca.wikiloc.com/rutes-trineu-de-gossos-mushing/grandvalira-andorra-en-trineo-con-perros-11894025
URL -> https://ca.wikiloc.com/rutes-senderisme/canillo-camino-circular-de-la-parroquia-andorra-1926170
URL -> https://ca.wikiloc.com/rutes-esqui-de-muntanya/circular-sorteny-rialb-andorra-12497497
URL -> https://ca.wikiloc.com/rutes-4x4/andorra-pedraforca-5886376
URL -> https://ca.wikiloc.com/rutes-senderisme/lagos-circ-de-pessons-grau-roig-andorra-14267662
URL -> https://ca.wikiloc.com/rutes-moto-trail/andorra-espana-andorra-os-de-civis-ars-etc-2193555
URL -> https://ca.wikiloc.com/rutes-via-ferrada/ferrata-del-roc-desquers-42614713
URL -> https://ca.wikiloc.com/rutes-raquetes-de-neu/ruta-raquetes-5-naturlandia-fontpedros-world-summits-29876281
URL -> https://ca.wikiloc.com/rutes-raquetes-de-neu/ruta-raquetes-4-sorteny-estany-de-lestanyo-world-summits-29767972
URL -> https://ca.wikiloc.com/rutes-4x4/les-escaldes-pic-negre-martinec-26434359
URL -> https://ca.wikiloc.com/rutes-alpinisme/arinsal-estanys-forcats-pic-de-comapedrosa-arinsal-andorra-19080889
URL -> https://ca.wikiloc.com/rutes-bicicleta-de-carretera/anyos-colldordino-beixalis-anyos-24533161
URL -> https://ca.wikiloc.com/rutes-senderisme/estanys-de-pessons-18801452
URL -> https://ca.wikiloc.com/rutes-via-ferrada/via-ferrata-roc-del-quercanal-del-grauandorra-592522
URL -> https://ca.wikiloc.com/rutes-senderisme/estanys-de-isla-anrodat-cabana-sorda-salamandres-y-querol-18848332
URL -> https://ca.wikiloc.com/rutes-4x4/andorra-espana-offroad-por-la-ruta-del-contrabandista-4835780
URL -> https://ca.wikiloc.com/rutes-senderisme/sant-julia-de-loria-fontaneda-14273197
URL -> https://ca.wikiloc.com/rutes-4x4/andorra-schmugglertour-680081
URL -> https://ca.wikiloc.com/rutes-alpinisme/pica-roja-o-pic-de-la-rouge-desde-andorra-7506836
URL -> https://ca.wikiloc.com/rutes-esqui-de-muntanya/pic-alt-del-cubil-desde-els-cortals-dencamp-6518387
URL -> https://ca.wikiloc.com/rutes-senderisme/coronallacs-5-etapa-refugi-de-comapedrosa-sispony-08-ago-19-41107759
URL -> https://ca.wikiloc.com/rutes-senderisme/vuelta-al-circ-de-pessons-14640303
URL -> https://ca.wikiloc.com/rutes-senderisme/la-comella-prat-primer-pic-negre-la-creu-54087911
URL -> https://ca.wikiloc.com/rutes-4x4/contrabandistas-1-domingo-8034588
URL -> https://ca.wikiloc.com/rutes-senderisme/cami-rec-del-sola-andorra-54244998
URL -> https://ca.wikiloc.com/rutes-senderisme/estanys-de-la-vall-del-riu-10546841
URL -> https://ca.wikiloc.com/rutes-senderisme/canillo-el-forn-riba-escorxada-andorra-3223035
URL -> https://ca.wikiloc.com/rutes-senderisme/vall-dincles-estany-de-juclar-3062735
URL -> https://ca.wikiloc.com/rutes-senderisme/arinsal-pla-de-lestany-52268528
URL -> https://ca.wikiloc.com/rutes-a-peu/carbonera-cami-de-les-pardines-llac-de-engolasters-35770792
URL -> https://ca.wikiloc.com/rutes-senderisme/estany-de-la-nou-andorra-la-vella-1974332
URL -> https://ca.wikiloc.com/rutes-senderisme/coms-del-jan-www-andorraambgossos-com-20436074
URL -> https://ca.wikiloc.com/rutes-a-peu/cami-del-toll-bullidor-canillo-3142921
URL -> https://ca.wikiloc.com/rutes-senderisme/pic-de-la-serrera-des-del-refugi-de-coms-de-jan-10733927
URL -> https://ca.wikiloc.com/rutes-senderisme/pic-darcalis-2776-pic-de-cataperdis-2805-pic-de-langonella-2815-pic-del-pla-de-lestany-2859-pic-de-37893103
URL -> https://ca.wikiloc.com/rutes-senderisme/coronallacs-4-etapa-refugi-de-sorteny-refugi-comapedrosa-07-ago-19-41107674
URL -> https://ca.wikiloc.com/rutes-senderisme/vall-de-enclar-santa-coloma-de-andorra-16780257
URL -> https://ca.wikiloc.com/rutes-senderisme/estany-esbalcat-andorra-2952109
URL -> https://ca.wikiloc.com/rutes-raquetes-de-neu/pic-alt-del-griu-829408
URL -> https://ca.wikiloc.com/rutes-senderisme/pal-cami-de-les-pedres-blanques-o-collant-del-passader-18750812
URL -> https://ca.wikiloc.com/rutes-senderisme/cami-del-toll-bullidor-9484072
URL -> https://ca.wikiloc.com/rutes-alpinisme/pic-descobes-2047759
URL -> https://ca.wikiloc.com/rutes-senderisme/grau-roig-andorra-raquetas-32261111
URL -> https://ca.wikiloc.com/rutes-senderisme/ruta-pels-llacs-de-tristaina-ordino-arcalis-andorra-8035189
URL -> https://ca.wikiloc.com/rutes-btt/andorra-anyos-2050179
URL -> https://ca.wikiloc.com/rutes-moto-trail/viaje-a-cesana-dia-9-52907714
URL -> https://ca.wikiloc.com/rutes-a-peu/coll-de-beixalis-pic-de-padern-coll-de-beixalis-13929847
URL -> https://ca.wikiloc.com/rutes-btt/pal-coll-de-montaner-pal-582012-3163731
URL -> https://ca.wikiloc.com/rutes-btt/la-massana-pal-coll-de-la-botella-pal-sispony-51827367
URL -> https://ca.wikiloc.com/rutes-a-peu/rec-del-sola-agriculture-road-25877891
URL -> https://ca.wikiloc.com/rutes-4x4/de-pal-a-tor-ruta-de-los-contrabandistas-1892187
URL -> https://ca.wikiloc.com/rutes-alpinisme/ansalonga-casamanya-ordino-39152861
URL -> https://ca.wikiloc.com/rutes-senderisme/cami-de-lossa-circular-10-11jun2017-18452912
URL -> https://ca.wikiloc.com/rutes-senderisme/sant-joan-de-caselles-canillo-50399488
URL -> https://ca.wikiloc.com/rutes-raquetes-de-neu/pic-maia-2-618-m-y-pic-ortafa-2-612-m-9383127
URL -> https://ca.wikiloc.com/rutes-cursa-de-muntanya/sky-race-comapedrosa-21km-7054040
URL -> https://ca.wikiloc.com/rutes-a-peu/cami-del-gall-canillo-1974390
URL -> https://ca.wikiloc.com/rutes-senderisme/soldeu-siscaro-soldeu-14012924
URL -> https://ca.wikiloc.com/rutes-alpinisme/cresta-port-arbella-port-esvalcat-ii-14589450
URL -> https://ca.wikiloc.com/rutes-esqui-de-muntanya/collada-de-montmalus-andorra-11947993
URL -> https://ca.wikiloc.com/rutes-senderisme/itinerari-fontverd-vall-del-madriu-andorra-10803326
URL -> https://ca.wikiloc.com/rutes-4x4/naturlandia-pic-negre-27002215
URL -> https://ca.wikiloc.com/rutes-senderisme/circular-lago-dengolasters-43865569
URL -> https://ca.wikiloc.com/rutes-a-peu/pont-de-molleres-toll-bullidor-pont-de-molleres-meritxell-andorra-21573342
URL -> https://ca.wikiloc.com/rutes-senderisme/lagos-de-tristaina-andorra-ordino-8078847
URL -> https://ca.wikiloc.com/rutes-senderisme/ruta-de-les-fonts-andorra-19488336
URL -> https://ca.wikiloc.com/rutes-esqui-de-muntanya/cortals-dencamp-pic-del-griu-5885311
URL -> https://ca.wikiloc.com/rutes-bicicleta-de-carretera/la-purito-2017-hay-que-hacerla-19121062
URL -> https://ca.wikiloc.com/rutes-via-ferrada/full-canillo-todas-las-ferrataslos-rapelesvia-cable-en-canillo-andorra-7237366
URL -> https://ca.wikiloc.com/rutes-senderisme/andorra-pic-de-la-font-blanca-per-estany-esbalcat-19180622
URL -> https://ca.wikiloc.com/rutes-senderisme/fonts-del-campea-28669374
URL -> https://ca.wikiloc.com/rutes-4x4/pal-tor-pal-19112620
URL -> https://ca.wikiloc.com/rutes-senderisme/volta-als-estanys-del-circ-de-pessons-5210170
URL -> https://ca.wikiloc.com/rutes-correr/ransol-a-cabana-sorda-i-vall-incles-1115622
URL -> https://ca.wikiloc.com/rutes-senderisme/vall-de-magdriu-andorra-7793123
URL -> https://ca.wikiloc.com/rutes-senderisme/andorra-la-vella-massana-ida-y-vuelta-54145344
URL -> https://ca.wikiloc.com/rutes-alpinisme/cresta-ne-al-pic-alt-de-cubil-17935951
URL -> https://ca.wikiloc.com/rutes-a-peu/fonts-del-campea-encamp-1974544
URL -> https://ca.wikiloc.com/rutes-senderisme/etp20-gr11-transpirenaica-encamp-arans-3109018
URL -> https://ca.wikiloc.com/rutes-raquetes-de-neu/estanys-de-tristaina-raquetes-8720900
URL -> https://ca.wikiloc.com/rutes-senderisme/circuit-de-les-fonts-llarg-andorra-la-vella-1974299
URL -> https://ca.wikiloc.com/rutes-senderisme/cami-percanela-la-massana-3146657
URL -> https://ca.wikiloc.com/rutes-senderisme/refugio-de-la-vall-del-riu-andorra-31717464
URL -> https://ca.wikiloc.com/rutes-senderisme/and-ruta-del-ferrobordes-ensegur-17301691
URL -> https://ca.wikiloc.com/rutes-a-peu/lago-engolasters-12556373
URL -> https://ca.wikiloc.com/rutes-via-ferrada/via-ferrata-de-sant-vicenc-denclar-34772858
URL -> https://ca.wikiloc.com/rutes-senderisme/estany-de-querol-el-tarter-14382099
URL -> https://ca.wikiloc.com/rutes-senderisme/cami-ral-ruta-del-ferro-de-ansalonga-a-les-mines-de-llorts-visita-i-retorn-55233502
URL -> https://ca.wikiloc.com/rutes-a-peu/ref-de-la-cabana-sorda-andorra-10-10-2015-11143726
URL -> https://ca.wikiloc.com/rutes-senderisme/la-margineda-aixas-andorra-1613600
URL -> https://ca.wikiloc.com/rutes-esqui-de-muntanya/grau-roig-refugi-illa-grau-roig-23328612
URL -> https://ca.wikiloc.com/rutes-senderisme/ordino-la-massana-la-cauba-pic-derts-coll-de-les-cases-ordino-17853385
URL -> https://ca.wikiloc.com/rutes-outdoor/pic-de-comapedrosa-estanys-de-baiau-y-estanys-forcats-7705126
URL -> https://ca.wikiloc.com/rutes-4x4/la-massana-tor-alins-7455186
URL -> https://ca.wikiloc.com/rutes-senderisme/vall-dincles-estany-juclar-etang-joucla-etang-fortangente-vall-dincles-55648179
URL -> https://ca.wikiloc.com/rutes-senderisme/les-escaldes-pic-de-padern-collada-de-beixalis-anyos-escaldes-15654298
URL -> https://ca.wikiloc.com/rutes-senderisme/engordany-ferrata-engolaster-refugio-fontverd-13360061
URL -> https://ca.wikiloc.com/rutes-cursa-de-muntanya/ruta-circular-ordino-sornas-ordino-16868347
URL -> https://ca.wikiloc.com/rutes-senderisme/llacs-de-tristaina-circular-28542654
URL -> https://ca.wikiloc.com/rutes-senderisme/lagos-de-angonella-desde-llorts-7516100
URL -> https://ca.wikiloc.com/rutes-senderisme/ruta-de-llorts-a-sedornet-6944807
URL -> https://ca.wikiloc.com/rutes-senderisme/circ-dels-pessons-pic-de-montmalus-andorra-5082413
URL -> https://ca.wikiloc.com/rutes-senderisme/llac-dengolasters-circuit-de-les-fonts-sola-del-ramio-fontverd-5155305
URL -> https://ca.wikiloc.com/rutes-senderisme/cami-devacuacio-funicamp-hermita-cortals-perdines-funicamp-encamp-17287505
URL -> https://ca.wikiloc.com/rutes-esqui-de-muntanya/rialb-port-de-banyell-france-portella-de-cebollera-sorteny-loop-9400273
URL -> https://ca.wikiloc.com/rutes-esqui-de-muntanya/la-rabassa-to-grau-roig-4263119
URL -> https://ca.wikiloc.com/rutes-esqui-de-muntanya/pic-de-envalira-2019-03-27-09-58-34769396
URL -> https://ca.wikiloc.com/rutes-via-ferrada/via-ferrara-roc-de-la-coma-d-erts-14737648
URL -> https://ca.wikiloc.com/rutes-senderisme/engolasters-refugi-fontverd-riu-madriu-entremesaigues-39381387
URL -> https://ca.wikiloc.com/rutes-senderisme/grau-montmelus-refugi-pessons-19272744
URL -> https://ca.wikiloc.com/rutes-4x4/pal-tor-pal-5135606
URL -> https://ca.wikiloc.com/rutes-alpinisme/xipe-1-coma-pedrosa-2942-metres-coll-de-baiau-estayn-negra-andorra-52745276
URL -> https://ca.wikiloc.com/rutes-senderisme/segudet-bony-de-les-neres-4417813
URL -> https://ca.wikiloc.com/rutes-senderisme/circular-estanys-de-tristania-ordino-andorra-38780477
URL -> https://ca.wikiloc.com/rutes-alpinisme/xipe-1-andorra-vall-de-montaup-pic-de-casamanya-sut-2740-m-casamanya-nort-2749-metres-53550502
URL -> https://ca.wikiloc.com/rutes-4x4/ordino-andorra-alins-llavorsi-43187335
URL -> https://ca.wikiloc.com/rutes-btt/la-rabassa-3369090
URL -> https://ca.wikiloc.com/rutes-a-peu/cami-de-la-senyoreta-sant-julia-de-loria-1986799
URL -> https://ca.wikiloc.com/rutes-4x4/naturlandia-pic-negre-volkswagen-t1-naturlandia-38000398
URL -> https://ca.wikiloc.com/rutes-senderisme/sispony-pic-de-carroi-54697487
URL -> https://ca.wikiloc.com/rutes-senderisme/estanys-de-tristaina-ordino-1974997
URL -> https://ca.wikiloc.com/rutes-senderisme/engolasters-refugi-de-lilla-1a-etapa-54262902
URL -> https://ca.wikiloc.com/rutes-senderisme/ref-de-lilla-tossa-plana-de-lles-ref-estanys-de-la-pera-2a-etapa-54353876
URL -> https://ca.wikiloc.com/rutes-a-peu/cami-del-cardemeller-font-del-bisbe-la-massana-1986683
URL -> https://ca.wikiloc.com/rutes-senderisme/ref-estanys-de-la-pera-ref-perafita-engolasters-3a-etapa-54396160
URL -> https://ca.wikiloc.com/rutes-a-peu/vall-d-incles-port-de-fontargent-estany-fontargent-i-tornar-8171645
URL -> https://ca.wikiloc.com/rutes-4x4/andorra-la-vella-sant-joan-de-lerm-14161430
URL -> https://ca.wikiloc.com/rutes-btt/arinsal-sorteny-42110039
URL -> https://ca.wikiloc.com/rutes-senderisme/llacs-tristania-15-14-50-andorra-19222014
URL -> https://ca.wikiloc.com/rutes-senderisme/lagos-de-tristania-40131164
URL -> https://ca.wikiloc.com/rutes-senderisme/lagos-y-pico-tristaina-14199606
URL -> https://ca.wikiloc.com/rutes-4x4/andorra-26053802
URL -> https://ca.wikiloc.com/rutes-senderisme/estanys-de-langonella-ordino-1975024
URL -> https://ca.wikiloc.com/rutes-senderisme/lago-engolasters-encamp-andorra-21880004
URL -> https://ca.wikiloc.com/rutes-senderisme/cami-de-rocafort-sant-julia-de-loria-1986835
URL -> https://ca.wikiloc.com/rutes-senderisme/pic-de-casamanya-canillo-1974495
URL -> https://ca.wikiloc.com/rutes-a-peu/estany-engolasters-encamp-1974534
URL -> https://ca.wikiloc.com/rutes-senderisme/ransol-borda-de-fenemars-ransol-amb-nens-3251783
URL -> https://ca.wikiloc.com/rutes-moto-trail/ruta-de-los-contrabandistas-cabus-os-de-civis-3051128
URL -> https://ca.wikiloc.com/rutes-senderisme/engolasters-font-verd-56150
URL -> https://ca.wikiloc.com/rutes-senderisme/101-l-2-ref-illa-a-cap-de-rec-37248480
URL -> https://ca.wikiloc.com/rutes-senderisme/estany-de-la-cabana-sorda-7637227
URL -> https://ca.wikiloc.com/rutes-cursa-de-muntanya/incles-juclar-franca-19158945
URL -> https://ca.wikiloc.com/rutes-senderisme/arinsal-pla-de-lestany-26526331
URL -> https://ca.wikiloc.com/rutes-correr/escaldes-engordany-andorra-la-vella-la-massana-11851899
URL -> https://ca.wikiloc.com/rutes-alpinisme/pic-de-fontblanca-1091590
URL -> https://ca.wikiloc.com/rutes-senderisme/cami-ral-anyos-andorra-la-vella-20086917
URL -> https://ca.wikiloc.com/rutes-senderisme/cabana-sorda-estany-y-refugio-5350325
URL -> https://ca.wikiloc.com/rutes-quad/utv-andorra-santa-magdalena-rialp-espot-3416375
URL -> https://ca.wikiloc.com/rutes-senderisme/101-l-estanys-pera-a-engolasters-37263612
URL -> https://ca.wikiloc.com/rutes-cursa-de-muntanya/estany-blau-19001408
URL -> https://ca.wikiloc.com/rutes-freeride/pic-del-maia-2615-m-freeride-5995550
URL -> https://ca.wikiloc.com/rutes-raquetes-de-neu/grau-roig-6042744
URL -> https://ca.wikiloc.com/rutes-esqui-de-muntanya/ribuls-montmalus-332824
URL -> https://ca.wikiloc.com/rutes-senderisme/circ-i-llacs-de-pessons-andorra-grau-roig-10356334
URL -> https://ca.wikiloc.com/rutes-correr/ransol-el-tarter-mollt-guaapa-4832752
URL -> https://ca.wikiloc.com/rutes-raquetes-de-neu/pic-negre-33673455
URL -> https://ca.wikiloc.com/rutes-cursa-de-muntanya/les-escaldes-coll-de-jou-les-escaldes-17425219
URL -> https://ca.wikiloc.com/rutes-4x4/aixovall-os-de-civis-santa-magdalena-sant-joan-de-lerm-castellbo-monferrer-10946358
URL -> https://ca.wikiloc.com/rutes-senderisme/ordino-ansalonga-segudet-4994649
URL -> https://ca.wikiloc.com/rutes-senderisme/ordino-sant-marti-de-la-cortinada-18822282
URL -> https://ca.wikiloc.com/rutes-btt/pal-os-de-civis-la-massana-7304569
URL -> https://ca.wikiloc.com/rutes-senderisme/pic-de-la-cabaneta-roc-mele-i-cap-del-port-51687230
URL -> https://ca.wikiloc.com/rutes-btt/2017-04-02-rec-del-sola-a-la-massana-17051713
URL -> https://ca.wikiloc.com/rutes-alpinisme/andorra-pic-font-blanca-per-la-cresta-arial-18795979
URL -> https://ca.wikiloc.com/rutes-senderisme/ruta-els-estanys-de-langonella-55477398
URL -> https://ca.wikiloc.com/rutes-senderisme/cami-rec-del-sola-escaldes-la-massana-17203444
URL -> https://ca.wikiloc.com/rutes-senderisme/incles-13319757
URL -> https://ca.wikiloc.com/rutes-senderisme/ordino-bony-neres-ordino-25225659
URL -> https://ca.wikiloc.com/rutes-a-peu/cami-ral-cami-del-sola-andorra-escaldes-dengordany-la-massana-19208102
URL -> https://ca.wikiloc.com/rutes-btt/el-tarter-estany-sargantanes-10542966
URL -> https://ca.wikiloc.com/rutes-btt/collbotella-collada-muntaner-bordes-seturia-42618142
URL -> https://ca.wikiloc.com/rutes-cursa-de-muntanya/circular-de-lhotel-panorama-andorra-per-la-comella-i-serradells-amb-neu-de-7-dies-46067360
URL -> https://ca.wikiloc.com/rutes-esqui-de-muntanya/grau-roig-refugi-de-lilla-23191618
URL -> https://ca.wikiloc.com/rutes-senderisme/la-margineda-pic-enclar-sispony-17945776
URL -> https://ca.wikiloc.com/rutes-cursa-de-muntanya/cami-de-solobre-coll-de-costaseda-collada-de-la-caulla-font-de-sansa-cortal-de-sansa-24635513
URL -> https://ca.wikiloc.com/rutes-senderisme/andorra-bordes-d-envalira-a-lago-cubil-40141004
URL -> https://ca.wikiloc.com/rutes-senderisme/andorra-la-vella-24779705
URL -> https://ca.wikiloc.com/rutes-senderisme/volta-al-bosc-de-la-canya-31341102
URL -> https://ca.wikiloc.com/rutes-senderisme/estany-de-creussans-pic-de-peyreguils-i-estanys-de-tristaina-38006779
URL -> https://ca.wikiloc.com/rutes-senderisme/la-cortinada-els-plans-sornas-la-cortinada-52161813
URL -> https://ca.wikiloc.com/rutes-senderisme/arinsal-comapedrosa-14050823
URL -> https://ca.wikiloc.com/rutes-cursa-de-muntanya/costa-seda-serradells-margineda-3344940
URL -> https://ca.wikiloc.com/rutes-senderisme/estanys-del-juclar-522504
URL -> https://ca.wikiloc.com/rutes-senderisme/refugi-rialb-6877954
URL -> https://ca.wikiloc.com/rutes-senderisme/pic-negre-denvarila-2-821-m-y-pic-d-envarila-2-785-m-3307993
URL -> https://ca.wikiloc.com/rutes-a-peu/tomb-del-turer-ordino-1974900
URL -> https://ca.wikiloc.com/rutes-cursa-de-muntanya/encamp-riu-madriu-25265973
URL -> https://ca.wikiloc.com/rutes-cursa-de-muntanya/vall-del-madriu-coll-de-la-maiana-prat-primer-3007249
URL -> https://ca.wikiloc.com/rutes-moto-trail/pic-negre-off-road-realizada-con-trail-y-maxitrail-25667093
URL -> https://ca.wikiloc.com/rutes-btt/incles-grau-roig-estany-de-pessons-cubil-el-tarter-incles-39953643
URL -> https://ca.wikiloc.com/rutes-btt/sispony-38381571
URL -> https://ca.wikiloc.com/rutes-senderisme/llac-dengolasters-mirador-54544736
URL -> https://ca.wikiloc.com/rutes-esqui/granvalira-05-04-2018-23776997
URL -> https://ca.wikiloc.com/rutes-senderisme/llacs-de-tristania-3100992
URL -> https://ca.wikiloc.com/rutes-senderisme/casamanya-extrem-17849650
URL -> https://ca.wikiloc.com/rutes-senderisme/canya-de-la-rabassa-rialp-port-de-siguer-estany-blau-pas-de-la-solana-estany-de-solanet-port-de-ban-50822202
URL -> https://ca.wikiloc.com/rutes-senderisme/grau-roig-13783368
URL -> https://ca.wikiloc.com/rutes-btt/mussara-andorra-mtb-45km-25692495
URL -> https://ca.wikiloc.com/rutes-senderisme/sispony-pic-de-carroi-17622202
URL -> https://ca.wikiloc.com/rutes-bicicleta-electrica/st-coloma-la-rabassa-st-julia-st-coloma-50299003
URL -> https://ca.wikiloc.com/rutes-btt/ordino-la-massana-pal-civis-ordino-5295461
URL -> https://ca.wikiloc.com/rutes-correr/incles-10963112
URL -> https://ca.wikiloc.com/rutes-senderisme/ref-comapedrosa-pic-comapedrosa-portella-baiaus-pic-medacorba-arinsal-27750164
URL -> https://ca.wikiloc.com/rutes-cursa-de-muntanya/mitja-marato-trail-canillo-2016-14695175
URL -> https://ca.wikiloc.com/rutes-alpinisme/circular-pas-de-la-casa-pic-de-la-mina-estany-dels-pedrons-pas-de-la-casa-27110339
URL -> https://ca.wikiloc.com/rutes-btt/mussara-andorra-mtb-93km-25691756
URL -> https://ca.wikiloc.com/rutes-senderisme/20180807-vall-de-ransol-pic-de-la-serrera-vall-de-ransol-27916229
URL -> https://ca.wikiloc.com/rutes-senderisme/estany-de-la-nou-52385431
URL -> https://ca.wikiloc.com/rutes-senderisme/grau-roig-pessons-grau-roig-38280382
URL -> https://ca.wikiloc.com/rutes-senderisme/soldeu-cami-de-lobac-d-incles-26195222
URL -> https://ca.wikiloc.com/rutes-alpinisme/pic-de-la-serrera-canillo-1974440
URL -> https://ca.wikiloc.com/rutes-senderisme/arans-ensegur-planes-de-fels-arans-27197849
URL -> https://ca.wikiloc.com/rutes-raquetes-de-neu/raquetes-3888221
URL -> https://ca.wikiloc.com/rutes-raquetes-de-neu/casamanya-12060117
URL -> https://ca.wikiloc.com/rutes-senderisme/hiking-estany-cabana-sorda-andorra-3806959
URL -> https://ca.wikiloc.com/rutes-a-peu/la-valla-dincles-20249854
URL -> https://ca.wikiloc.com/rutes-senderisme/llacs-juclar-i-fontargente-14886282
URL -> https://ca.wikiloc.com/rutes-senderisme/llacs-tristiana-10176978
URL -> https://ca.wikiloc.com/rutes-senderisme/port-denvalira-a-vall-dincles-03-sep-16-assoc-amics-del-cami-sant-jaume-de-cervera-14621990
2020-10-22 19:20:47.054595 ======== Elapsed Time: 146.334963=========
2020-10-22 19:20:47.054595 ======== End The Web Scrapping =========
